{"/Users/remyorans/hackreactor/fec/casual-checkout-service/testData.js": {"path":"/Users/remyorans/hackreactor/fec/casual-checkout-service/testData.js","statementMap":{"0":{"start":{"line":1,"column":17},"end":{"line":2590,"column":1}},"1":{"start":{"line":2592,"column":16},"end":{"line":2592,"column":40}},"2":{"start":{"line":2593,"column":17},"end":{"line":2593,"column":41}},"3":{"start":{"line":2595,"column":0},"end":{"line":2599,"column":2}}},"fnMap":{},"branchMap":{},"s":{"0":5,"1":5,"2":5,"3":5},"f":{},"b":{},"inputSourceMap":null,"_coverageSchema":"1a1c01bbd47fc00a2c39e90264f33305004495a9","hash":"06beeed92620b224b917f02265b3363365dae97a"}
,"/Users/remyorans/hackreactor/fec/casual-checkout-service/client/components/app.jsx": {"path":"/Users/remyorans/hackreactor/fec/casual-checkout-service/client/components/app.jsx","statementMap":{"0":{"start":{"line":8,"column":19},"end":{"line":11,"column":1}},"1":{"start":{"line":13,"column":20},"end":{"line":16,"column":1}},"2":{"start":{"line":18,"column":18},"end":{"line":24,"column":1}},"3":{"start":{"line":26,"column":21},"end":{"line":29,"column":1}},"4":{"start":{"line":31,"column":20},"end":{"line":39,"column":1}},"5":{"start":{"line":45,"column":12},"end":{"line":45,"column":17}},"6":{"start":{"line":46,"column":28},"end":{"line":46,"column":35}},"7":{"start":{"line":47,"column":4},"end":{"line":60,"column":5}},"8":{"start":{"line":48,"column":6},"end":{"line":48,"column":29}},"9":{"start":{"line":49,"column":6},"end":{"line":51,"column":7}},"10":{"start":{"line":50,"column":8},"end":{"line":50,"column":30}},"11":{"start":{"line":52,"column":6},"end":{"line":59,"column":7}},"12":{"start":{"line":53,"column":8},"end":{"line":58,"column":9}},"13":{"start":{"line":54,"column":10},"end":{"line":57,"column":12}},"14":{"start":{"line":64,"column":4},"end":{"line":64,"column":17}},"15":{"start":{"line":65,"column":18},"end":{"line":65,"column":28}},"16":{"start":{"line":66,"column":4},"end":{"line":80,"column":6}},"17":{"start":{"line":81,"column":4},"end":{"line":81,"column":53}},"18":{"start":{"line":82,"column":4},"end":{"line":82,"column":49}},"19":{"start":{"line":83,"column":4},"end":{"line":83,"column":59}},"20":{"start":{"line":87,"column":19},"end":{"line":87,"column":29}},"21":{"start":{"line":88,"column":4},"end":{"line":88,"column":21}},"22":{"start":{"line":89,"column":4},"end":{"line":89,"column":59}},"23":{"start":{"line":93,"column":4},"end":{"line":93,"column":62}},"24":{"start":{"line":97,"column":4},"end":{"line":99,"column":7}},"25":{"start":{"line":104,"column":4},"end":{"line":119,"column":7}},"26":{"start":{"line":105,"column":31},"end":{"line":105,"column":35}},"27":{"start":{"line":106,"column":6},"end":{"line":106,"column":31}},"28":{"start":{"line":107,"column":6},"end":{"line":110,"column":9}},"29":{"start":{"line":111,"column":24},"end":{"line":111,"column":34}},"30":{"start":{"line":112,"column":29},"end":{"line":112,"column":34}},"31":{"start":{"line":113,"column":32},"end":{"line":113,"column":85}},"32":{"start":{"line":114,"column":6},"end":{"line":116,"column":9}},"33":{"start":{"line":118,"column":6},"end":{"line":118,"column":23}},"34":{"start":{"line":123,"column":4},"end":{"line":125,"column":7}},"35":{"start":{"line":129,"column":4},"end":{"line":131,"column":8}},"36":{"start":{"line":129,"column":30},"end":{"line":131,"column":5}},"37":{"start":{"line":135,"column":26},"end":{"line":135,"column":36}},"38":{"start":{"line":136,"column":4},"end":{"line":136,"column":48}},"39":{"start":{"line":148,"column":8},"end":{"line":148,"column":18}},"40":{"start":{"line":149,"column":4},"end":{"line":170,"column":6}},"41":{"start":{"line":176,"column":0},"end":{"line":178,"column":2}}},"fnMap":{"0":{"name":"(anonymous_0)","decl":{"start":{"line":43,"column":2},"end":{"line":43,"column":3}},"loc":{"start":{"line":43,"column":59},"end":{"line":61,"column":3}},"line":43},"1":{"name":"(anonymous_1)","decl":{"start":{"line":63,"column":2},"end":{"line":63,"column":3}},"loc":{"start":{"line":63,"column":21},"end":{"line":84,"column":3}},"line":63},"2":{"name":"(anonymous_2)","decl":{"start":{"line":86,"column":2},"end":{"line":86,"column":3}},"loc":{"start":{"line":86,"column":22},"end":{"line":90,"column":3}},"line":86},"3":{"name":"(anonymous_3)","decl":{"start":{"line":92,"column":2},"end":{"line":92,"column":3}},"loc":{"start":{"line":92,"column":25},"end":{"line":94,"column":3}},"line":92},"4":{"name":"(anonymous_4)","decl":{"start":{"line":96,"column":2},"end":{"line":96,"column":3}},"loc":{"start":{"line":96,"column":17},"end":{"line":100,"column":3}},"line":96},"5":{"name":"(anonymous_5)","decl":{"start":{"line":103,"column":2},"end":{"line":103,"column":3}},"loc":{"start":{"line":103,"column":14},"end":{"line":120,"column":3}},"line":103},"6":{"name":"(anonymous_6)","decl":{"start":{"line":104,"column":36},"end":{"line":104,"column":37}},"loc":{"start":{"line":104,"column":50},"end":{"line":117,"column":5}},"line":104},"7":{"name":"(anonymous_7)","decl":{"start":{"line":117,"column":13},"end":{"line":117,"column":14}},"loc":{"start":{"line":117,"column":22},"end":{"line":119,"column":5}},"line":117},"8":{"name":"(anonymous_8)","decl":{"start":{"line":122,"column":2},"end":{"line":122,"column":3}},"loc":{"start":{"line":122,"column":35},"end":{"line":126,"column":3}},"line":122},"9":{"name":"(anonymous_9)","decl":{"start":{"line":128,"column":2},"end":{"line":128,"column":3}},"loc":{"start":{"line":128,"column":20},"end":{"line":132,"column":3}},"line":128},"10":{"name":"(anonymous_10)","decl":{"start":{"line":129,"column":18},"end":{"line":129,"column":19}},"loc":{"start":{"line":129,"column":30},"end":{"line":131,"column":5}},"line":129},"11":{"name":"(anonymous_11)","decl":{"start":{"line":134,"column":2},"end":{"line":134,"column":3}},"loc":{"start":{"line":134,"column":17},"end":{"line":137,"column":3}},"line":134},"12":{"name":"(anonymous_12)","decl":{"start":{"line":139,"column":2},"end":{"line":139,"column":3}},"loc":{"start":{"line":139,"column":11},"end":{"line":171,"column":3}},"line":139}},"branchMap":{"0":{"loc":{"start":{"line":49,"column":6},"end":{"line":51,"column":7}},"type":"if","locations":[{"start":{"line":49,"column":6},"end":{"line":51,"column":7}},{"start":{"line":49,"column":6},"end":{"line":51,"column":7}}],"line":49},"1":{"loc":{"start":{"line":53,"column":8},"end":{"line":58,"column":9}},"type":"if","locations":[{"start":{"line":53,"column":8},"end":{"line":58,"column":9}},{"start":{"line":53,"column":8},"end":{"line":58,"column":9}}],"line":53},"2":{"loc":{"start":{"line":136,"column":11},"end":{"line":136,"column":47}},"type":"cond-expr","locations":[{"start":{"line":136,"column":29},"end":{"line":136,"column":39}},{"start":{"line":136,"column":42},"end":{"line":136,"column":47}}],"line":136}},"s":{"0":1,"1":1,"2":1,"3":1,"4":1,"5":1,"6":1,"7":1,"8":1,"9":1,"10":0,"11":1,"12":5,"13":1,"14":1,"15":1,"16":1,"17":1,"18":1,"19":1,"20":1,"21":1,"22":1,"23":0,"24":0,"25":1,"26":1,"27":1,"28":1,"29":1,"30":1,"31":1,"32":1,"33":0,"34":0,"35":0,"36":0,"37":3,"38":3,"39":3,"40":3,"41":1},"f":{"0":1,"1":1,"2":1,"3":0,"4":0,"5":1,"6":1,"7":0,"8":0,"9":0,"10":0,"11":3,"12":3},"b":{"0":[0,1],"1":[1,4],"2":[0,3]},"_coverageSchema":"1a1c01bbd47fc00a2c39e90264f33305004495a9","hash":"9b853166ce71980258f6c22bb6fb7dcb37fbce7c"}
,"/Users/remyorans/hackreactor/fec/casual-checkout-service/client/components/calendarBox.jsx": {"path":"/Users/remyorans/hackreactor/fec/casual-checkout-service/client/components/calendarBox.jsx","statementMap":{"0":{"start":{"line":7,"column":12},"end":{"line":19,"column":1}},"1":{"start":{"line":20,"column":18},"end":{"line":24,"column":1}},"2":{"start":{"line":25,"column":17},"end":{"line":27,"column":1}},"3":{"start":{"line":28,"column":17},"end":{"line":32,"column":1}},"4":{"start":{"line":34,"column":15},"end":{"line":54,"column":1}},"5":{"start":{"line":56,"column":20},"end":{"line":76,"column":1}},"6":{"start":{"line":78,"column":13},"end":{"line":80,"column":1}},"7":{"start":{"line":82,"column":24},"end":{"line":88,"column":1}},"8":{"start":{"line":90,"column":27},"end":{"line":98,"column":1}},"9":{"start":{"line":100,"column":24},"end":{"line":108,"column":1}},"10":{"start":{"line":110,"column":20},"end":{"line":116,"column":1}},"11":{"start":{"line":118,"column":11},"end":{"line":125,"column":1}},"12":{"start":{"line":127,"column":23},"end":{"line":134,"column":1}},"13":{"start":{"line":136,"column":25},"end":{"line":145,"column":1}},"14":{"start":{"line":149,"column":4},"end":{"line":149,"column":17}},"15":{"start":{"line":150,"column":4},"end":{"line":150,"column":40}},"16":{"start":{"line":151,"column":4},"end":{"line":151,"column":65}},"17":{"start":{"line":152,"column":4},"end":{"line":152,"column":47}},"18":{"start":{"line":153,"column":29},"end":{"line":153,"column":39}},"19":{"start":{"line":154,"column":4},"end":{"line":157,"column":6}},"20":{"start":{"line":158,"column":4},"end":{"line":158,"column":49}},"21":{"start":{"line":162,"column":4},"end":{"line":162,"column":68}},"22":{"start":{"line":166,"column":4},"end":{"line":166,"column":71}},"23":{"start":{"line":170,"column":27},"end":{"line":170,"column":37}},"24":{"start":{"line":171,"column":4},"end":{"line":173,"column":5}},"25":{"start":{"line":172,"column":6},"end":{"line":172,"column":36}},"26":{"start":{"line":177,"column":4},"end":{"line":181,"column":5}},"27":{"start":{"line":178,"column":6},"end":{"line":180,"column":9}},"28":{"start":{"line":182,"column":29},"end":{"line":182,"column":39}},"29":{"start":{"line":183,"column":37},"end":{"line":183,"column":47}},"30":{"start":{"line":184,"column":24},"end":{"line":184,"column":31}},"31":{"start":{"line":187,"column":4},"end":{"line":200,"column":5}},"32":{"start":{"line":188,"column":29},"end":{"line":188,"column":40}},"33":{"start":{"line":189,"column":28},"end":{"line":189,"column":66}},"34":{"start":{"line":190,"column":28},"end":{"line":190,"column":86}},"35":{"start":{"line":190,"column":62},"end":{"line":190,"column":85}},"36":{"start":{"line":191,"column":28},"end":{"line":191,"column":40}},"37":{"start":{"line":192,"column":6},"end":{"line":199,"column":7}},"38":{"start":{"line":193,"column":8},"end":{"line":198,"column":11}},"39":{"start":{"line":204,"column":28},"end":{"line":204,"column":30}},"40":{"start":{"line":205,"column":29},"end":{"line":205,"column":39}},"41":{"start":{"line":206,"column":4},"end":{"line":208,"column":7}},"42":{"start":{"line":207,"column":6},"end":{"line":207,"column":34}},"43":{"start":{"line":209,"column":4},"end":{"line":209,"column":27}},"44":{"start":{"line":213,"column":31},"end":{"line":213,"column":41}},"45":{"start":{"line":214,"column":4},"end":{"line":214,"column":34}},"46":{"start":{"line":215,"column":4},"end":{"line":215,"column":35}},"47":{"start":{"line":224,"column":8},"end":{"line":224,"column":18}},"48":{"start":{"line":225,"column":36},"end":{"line":225,"column":46}},"49":{"start":{"line":227,"column":19},"end":{"line":240,"column":5}},"50":{"start":{"line":241,"column":4},"end":{"line":243,"column":5}},"51":{"start":{"line":242,"column":6},"end":{"line":242,"column":144}},"52":{"start":{"line":244,"column":4},"end":{"line":246,"column":5}},"53":{"start":{"line":245,"column":6},"end":{"line":245,"column":64}},"54":{"start":{"line":247,"column":4},"end":{"line":249,"column":5}},"55":{"start":{"line":248,"column":6},"end":{"line":248,"column":64}},"56":{"start":{"line":250,"column":4},"end":{"line":303,"column":6}},"57":{"start":{"line":298,"column":57},"end":{"line":298,"column":86}},"58":{"start":{"line":309,"column":0},"end":{"line":345,"column":2}},"59":{"start":{"line":347,"column":0},"end":{"line":350,"column":2}}},"fnMap":{"0":{"name":"(anonymous_0)","decl":{"start":{"line":148,"column":2},"end":{"line":148,"column":3}},"loc":{"start":{"line":148,"column":21},"end":{"line":159,"column":3}},"line":148},"1":{"name":"(anonymous_1)","decl":{"start":{"line":161,"column":2},"end":{"line":161,"column":3}},"loc":{"start":{"line":161,"column":22},"end":{"line":163,"column":3}},"line":161},"2":{"name":"(anonymous_2)","decl":{"start":{"line":165,"column":2},"end":{"line":165,"column":3}},"loc":{"start":{"line":165,"column":25},"end":{"line":167,"column":3}},"line":165},"3":{"name":"(anonymous_3)","decl":{"start":{"line":169,"column":2},"end":{"line":169,"column":3}},"loc":{"start":{"line":169,"column":28},"end":{"line":174,"column":3}},"line":169},"4":{"name":"(anonymous_4)","decl":{"start":{"line":176,"column":2},"end":{"line":176,"column":3}},"loc":{"start":{"line":176,"column":28},"end":{"line":201,"column":3}},"line":176},"5":{"name":"(anonymous_5)","decl":{"start":{"line":190,"column":49},"end":{"line":190,"column":50}},"loc":{"start":{"line":190,"column":62},"end":{"line":190,"column":85}},"line":190},"6":{"name":"(anonymous_6)","decl":{"start":{"line":203,"column":2},"end":{"line":203,"column":3}},"loc":{"start":{"line":203,"column":24},"end":{"line":210,"column":3}},"line":203},"7":{"name":"(anonymous_7)","decl":{"start":{"line":206,"column":25},"end":{"line":206,"column":26}},"loc":{"start":{"line":206,"column":36},"end":{"line":208,"column":5}},"line":206},"8":{"name":"(anonymous_8)","decl":{"start":{"line":212,"column":2},"end":{"line":212,"column":3}},"loc":{"start":{"line":212,"column":15},"end":{"line":216,"column":3}},"line":212},"9":{"name":"(anonymous_9)","decl":{"start":{"line":218,"column":2},"end":{"line":218,"column":3}},"loc":{"start":{"line":218,"column":11},"end":{"line":304,"column":3}},"line":218},"10":{"name":"(anonymous_10)","decl":{"start":{"line":298,"column":51},"end":{"line":298,"column":52}},"loc":{"start":{"line":298,"column":57},"end":{"line":298,"column":86}},"line":298}},"branchMap":{"0":{"loc":{"start":{"line":171,"column":4},"end":{"line":173,"column":5}},"type":"if","locations":[{"start":{"line":171,"column":4},"end":{"line":173,"column":5}},{"start":{"line":171,"column":4},"end":{"line":173,"column":5}}],"line":171},"1":{"loc":{"start":{"line":171,"column":8},"end":{"line":171,"column":74}},"type":"binary-expr","locations":[{"start":{"line":171,"column":8},"end":{"line":171,"column":23}},{"start":{"line":171,"column":27},"end":{"line":171,"column":74}}],"line":171},"2":{"loc":{"start":{"line":177,"column":4},"end":{"line":181,"column":5}},"type":"if","locations":[{"start":{"line":177,"column":4},"end":{"line":181,"column":5}},{"start":{"line":177,"column":4},"end":{"line":181,"column":5}}],"line":177},"3":{"loc":{"start":{"line":187,"column":4},"end":{"line":200,"column":5}},"type":"if","locations":[{"start":{"line":187,"column":4},"end":{"line":200,"column":5}},{"start":{"line":187,"column":4},"end":{"line":200,"column":5}}],"line":187},"4":{"loc":{"start":{"line":192,"column":6},"end":{"line":199,"column":7}},"type":"if","locations":[{"start":{"line":192,"column":6},"end":{"line":199,"column":7}},{"start":{"line":192,"column":6},"end":{"line":199,"column":7}}],"line":192},"5":{"loc":{"start":{"line":192,"column":10},"end":{"line":192,"column":75}},"type":"binary-expr","locations":[{"start":{"line":192,"column":10},"end":{"line":192,"column":48}},{"start":{"line":192,"column":52},"end":{"line":192,"column":75}}],"line":192},"6":{"loc":{"start":{"line":241,"column":4},"end":{"line":243,"column":5}},"type":"if","locations":[{"start":{"line":241,"column":4},"end":{"line":243,"column":5}},{"start":{"line":241,"column":4},"end":{"line":243,"column":5}}],"line":241},"7":{"loc":{"start":{"line":241,"column":8},"end":{"line":241,"column":43}},"type":"binary-expr","locations":[{"start":{"line":241,"column":8},"end":{"line":241,"column":23}},{"start":{"line":241,"column":27},"end":{"line":241,"column":43}}],"line":241},"8":{"loc":{"start":{"line":244,"column":4},"end":{"line":246,"column":5}},"type":"if","locations":[{"start":{"line":244,"column":4},"end":{"line":246,"column":5}},{"start":{"line":244,"column":4},"end":{"line":246,"column":5}}],"line":244},"9":{"loc":{"start":{"line":244,"column":8},"end":{"line":244,"column":45}},"type":"binary-expr","locations":[{"start":{"line":244,"column":8},"end":{"line":244,"column":24}},{"start":{"line":244,"column":28},"end":{"line":244,"column":45}}],"line":244},"10":{"loc":{"start":{"line":247,"column":4},"end":{"line":249,"column":5}},"type":"if","locations":[{"start":{"line":247,"column":4},"end":{"line":249,"column":5}},{"start":{"line":247,"column":4},"end":{"line":249,"column":5}}],"line":247},"11":{"loc":{"start":{"line":247,"column":8},"end":{"line":247,"column":44}},"type":"binary-expr","locations":[{"start":{"line":247,"column":8},"end":{"line":247,"column":23}},{"start":{"line":247,"column":27},"end":{"line":247,"column":44}}],"line":247}},"s":{"0":2,"1":2,"2":2,"3":2,"4":2,"5":2,"6":2,"7":2,"8":2,"9":2,"10":2,"11":2,"12":2,"13":2,"14":1,"15":1,"16":1,"17":1,"18":1,"19":1,"20":1,"21":1,"22":0,"23":0,"24":0,"25":0,"26":0,"27":0,"28":0,"29":0,"30":0,"31":0,"32":0,"33":0,"34":0,"35":0,"36":0,"37":0,"38":0,"39":0,"40":0,"41":0,"42":0,"43":0,"44":1,"45":1,"46":1,"47":1,"48":1,"49":1,"50":1,"51":0,"52":1,"53":1,"54":1,"55":0,"56":1,"57":1,"58":2,"59":2},"f":{"0":1,"1":1,"2":0,"3":0,"4":0,"5":0,"6":0,"7":0,"8":1,"9":1,"10":1},"b":{"0":[0,0],"1":[0,0],"2":[0,0],"3":[0,0],"4":[0,0],"5":[0,0],"6":[0,1],"7":[1,0],"8":[1,0],"9":[1,1],"10":[0,1],"11":[1,0]},"_coverageSchema":"1a1c01bbd47fc00a2c39e90264f33305004495a9","hash":"1f5b7e210b5fc1ea5e1276797fea5ac3cbd66a17"}
,"/Users/remyorans/hackreactor/fec/casual-checkout-service/client/components/calendarBoxInput.jsx": {"path":"/Users/remyorans/hackreactor/fec/casual-checkout-service/client/components/calendarBoxInput.jsx","statementMap":{"0":{"start":{"line":5,"column":22},"end":{"line":14,"column":1}},"1":{"start":{"line":16,"column":18},"end":{"line":20,"column":1}},"2":{"start":{"line":22,"column":21},"end":{"line":40,"column":1}},"3":{"start":{"line":38,"column":28},"end":{"line":38,"column":104}},"4":{"start":{"line":39,"column":34},"end":{"line":39,"column":98}},"5":{"start":{"line":42,"column":22},"end":{"line":60,"column":1}},"6":{"start":{"line":58,"column":28},"end":{"line":58,"column":105}},"7":{"start":{"line":59,"column":34},"end":{"line":59,"column":99}},"8":{"start":{"line":62,"column":17},"end":{"line":81,"column":1}},"9":{"start":{"line":83,"column":19},"end":{"line":100,"column":1}},"10":{"start":{"line":102,"column":14},"end":{"line":116,"column":1}},"11":{"start":{"line":118,"column":23},"end":{"line":124,"column":1}},"12":{"start":{"line":126,"column":24},"end":{"line":136,"column":1}},"13":{"start":{"line":138,"column":15},"end":{"line":150,"column":1}},"14":{"start":{"line":158,"column":14},"end":{"line":162,"column":1}},"15":{"start":{"line":164,"column":12},"end":{"line":175,"column":1}},"16":{"start":{"line":179,"column":4},"end":{"line":179,"column":17}},"17":{"start":{"line":180,"column":4},"end":{"line":180,"column":40}},"18":{"start":{"line":181,"column":4},"end":{"line":181,"column":41}},"19":{"start":{"line":182,"column":4},"end":{"line":182,"column":63}},"20":{"start":{"line":183,"column":4},"end":{"line":183,"column":65}},"21":{"start":{"line":184,"column":4},"end":{"line":184,"column":53}},"22":{"start":{"line":188,"column":4},"end":{"line":190,"column":7}},"23":{"start":{"line":194,"column":4},"end":{"line":194,"column":36}},"24":{"start":{"line":195,"column":25},"end":{"line":195,"column":35}},"25":{"start":{"line":196,"column":4},"end":{"line":196,"column":24}},"26":{"start":{"line":200,"column":4},"end":{"line":200,"column":37}},"27":{"start":{"line":201,"column":25},"end":{"line":201,"column":35}},"28":{"start":{"line":202,"column":4},"end":{"line":202,"column":25}},"29":{"start":{"line":208,"column":8},"end":{"line":208,"column":18}},"30":{"start":{"line":209,"column":20},"end":{"line":209,"column":101}},"31":{"start":{"line":210,"column":21},"end":{"line":210,"column":105}},"32":{"start":{"line":211,"column":18},"end":{"line":211,"column":54}},"33":{"start":{"line":213,"column":6},"end":{"line":215,"column":12}},"34":{"start":{"line":218,"column":6},"end":{"line":226,"column":24}},"35":{"start":{"line":220,"column":10},"end":{"line":220,"column":30}},"36":{"start":{"line":221,"column":10},"end":{"line":221,"column":41}},"37":{"start":{"line":229,"column":6},"end":{"line":237,"column":24}},"38":{"start":{"line":231,"column":10},"end":{"line":231,"column":30}},"39":{"start":{"line":232,"column":10},"end":{"line":232,"column":40}},"40":{"start":{"line":240,"column":6},"end":{"line":248,"column":22}},"41":{"start":{"line":251,"column":6},"end":{"line":258,"column":17}},"42":{"start":{"line":260,"column":24},"end":{"line":260,"column":76}},"43":{"start":{"line":261,"column":4},"end":{"line":276,"column":6}},"44":{"start":{"line":282,"column":0},"end":{"line":294,"column":2}},"45":{"start":{"line":296,"column":0},"end":{"line":299,"column":2}}},"fnMap":{"0":{"name":"(anonymous_0)","decl":{"start":{"line":38,"column":16},"end":{"line":38,"column":17}},"loc":{"start":{"line":38,"column":28},"end":{"line":38,"column":104}},"line":38},"1":{"name":"(anonymous_1)","decl":{"start":{"line":39,"column":22},"end":{"line":39,"column":23}},"loc":{"start":{"line":39,"column":34},"end":{"line":39,"column":98}},"line":39},"2":{"name":"(anonymous_2)","decl":{"start":{"line":58,"column":16},"end":{"line":58,"column":17}},"loc":{"start":{"line":58,"column":28},"end":{"line":58,"column":105}},"line":58},"3":{"name":"(anonymous_3)","decl":{"start":{"line":59,"column":22},"end":{"line":59,"column":23}},"loc":{"start":{"line":59,"column":34},"end":{"line":59,"column":99}},"line":59},"4":{"name":"(anonymous_4)","decl":{"start":{"line":178,"column":2},"end":{"line":178,"column":3}},"loc":{"start":{"line":178,"column":21},"end":{"line":185,"column":3}},"line":178},"5":{"name":"(anonymous_5)","decl":{"start":{"line":187,"column":2},"end":{"line":187,"column":3}},"loc":{"start":{"line":187,"column":18},"end":{"line":191,"column":3}},"line":187},"6":{"name":"(anonymous_6)","decl":{"start":{"line":193,"column":2},"end":{"line":193,"column":3}},"loc":{"start":{"line":193,"column":22},"end":{"line":197,"column":3}},"line":193},"7":{"name":"(anonymous_7)","decl":{"start":{"line":199,"column":2},"end":{"line":199,"column":3}},"loc":{"start":{"line":199,"column":23},"end":{"line":203,"column":3}},"line":199},"8":{"name":"(anonymous_8)","decl":{"start":{"line":205,"column":2},"end":{"line":205,"column":3}},"loc":{"start":{"line":205,"column":11},"end":{"line":277,"column":3}},"line":205},"9":{"name":"(anonymous_9)","decl":{"start":{"line":219,"column":25},"end":{"line":219,"column":26}},"loc":{"start":{"line":219,"column":32},"end":{"line":222,"column":9}},"line":219},"10":{"name":"(anonymous_10)","decl":{"start":{"line":230,"column":25},"end":{"line":230,"column":26}},"loc":{"start":{"line":230,"column":32},"end":{"line":233,"column":9}},"line":230}},"branchMap":{"0":{"loc":{"start":{"line":38,"column":28},"end":{"line":38,"column":104}},"type":"cond-expr","locations":[{"start":{"line":38,"column":56},"end":{"line":38,"column":95}},{"start":{"line":38,"column":98},"end":{"line":38,"column":104}}],"line":38},"1":{"loc":{"start":{"line":39,"column":34},"end":{"line":39,"column":98}},"type":"cond-expr","locations":[{"start":{"line":39,"column":62},"end":{"line":39,"column":82}},{"start":{"line":39,"column":85},"end":{"line":39,"column":98}}],"line":39},"2":{"loc":{"start":{"line":58,"column":28},"end":{"line":58,"column":105}},"type":"cond-expr","locations":[{"start":{"line":58,"column":57},"end":{"line":58,"column":96}},{"start":{"line":58,"column":99},"end":{"line":58,"column":105}}],"line":58},"3":{"loc":{"start":{"line":59,"column":34},"end":{"line":59,"column":99}},"type":"cond-expr","locations":[{"start":{"line":59,"column":63},"end":{"line":59,"column":83}},{"start":{"line":59,"column":86},"end":{"line":59,"column":99}}],"line":59},"4":{"loc":{"start":{"line":209,"column":20},"end":{"line":209,"column":101}},"type":"cond-expr","locations":[{"start":{"line":209,"column":38},"end":{"line":209,"column":88}},{"start":{"line":209,"column":91},"end":{"line":209,"column":101}}],"line":209},"5":{"loc":{"start":{"line":210,"column":21},"end":{"line":210,"column":105}},"type":"cond-expr","locations":[{"start":{"line":210,"column":40},"end":{"line":210,"column":92}},{"start":{"line":210,"column":95},"end":{"line":210,"column":105}}],"line":210},"6":{"loc":{"start":{"line":247,"column":9},"end":{"line":247,"column":53}},"type":"cond-expr","locations":[{"start":{"line":247,"column":28},"end":{"line":247,"column":45}},{"start":{"line":247,"column":48},"end":{"line":247,"column":53}}],"line":247},"7":{"loc":{"start":{"line":260,"column":24},"end":{"line":260,"column":76}},"type":"cond-expr","locations":[{"start":{"line":260,"column":42},"end":{"line":260,"column":57}},{"start":{"line":260,"column":60},"end":{"line":260,"column":76}}],"line":260},"8":{"loc":{"start":{"line":271,"column":13},"end":{"line":271,"column":55}},"type":"cond-expr","locations":[{"start":{"line":271,"column":31},"end":{"line":271,"column":47}},{"start":{"line":271,"column":50},"end":{"line":271,"column":55}}],"line":271}},"s":{"0":3,"1":3,"2":3,"3":2,"4":2,"5":3,"6":0,"7":0,"8":3,"9":3,"10":3,"11":3,"12":3,"13":3,"14":3,"15":3,"16":2,"17":2,"18":2,"19":2,"20":2,"21":2,"22":0,"23":0,"24":0,"25":0,"26":0,"27":0,"28":0,"29":2,"30":2,"31":2,"32":2,"33":2,"34":2,"35":0,"36":0,"37":2,"38":0,"39":0,"40":2,"41":2,"42":2,"43":2,"44":3,"45":3},"f":{"0":2,"1":2,"2":0,"3":0,"4":2,"5":0,"6":0,"7":0,"8":2,"9":0,"10":0},"b":{"0":[2,0],"1":[2,0],"2":[0,0],"3":[0,0],"4":[0,2],"5":[0,2],"6":[0,2],"7":[0,2],"8":[0,2]},"_coverageSchema":"1a1c01bbd47fc00a2c39e90264f33305004495a9","hash":"b69b5373e542f65ec7ae6eabf6fa52937e9aaa59"}
,"/Users/remyorans/hackreactor/fec/casual-checkout-service/client/components/calendarCarousel.jsx": {"path":"/Users/remyorans/hackreactor/fec/casual-checkout-service/client/components/calendarCarousel.jsx","statementMap":{"0":{"start":{"line":7,"column":34},"end":{"line":14,"column":1}},"1":{"start":{"line":11,"column":37},"end":{"line":11,"column":52}},"2":{"start":{"line":16,"column":34},"end":{"line":20,"column":1}},"3":{"start":{"line":22,"column":10},"end":{"line":25,"column":1}},"4":{"start":{"line":27,"column":15},"end":{"line":42,"column":1}},"5":{"start":{"line":44,"column":22},"end":{"line":48,"column":1}},"6":{"start":{"line":50,"column":23},"end":{"line":54,"column":1}},"7":{"start":{"line":56,"column":12},"end":{"line":61,"column":1}},"8":{"start":{"line":65,"column":4},"end":{"line":65,"column":17}},"9":{"start":{"line":67,"column":4},"end":{"line":80,"column":6}},"10":{"start":{"line":88,"column":8},"end":{"line":88,"column":18}},"11":{"start":{"line":89,"column":28},"end":{"line":89,"column":137}},"12":{"start":{"line":90,"column":29},"end":{"line":90,"column":136}},"13":{"start":{"line":91,"column":4},"end":{"line":125,"column":6}},"14":{"start":{"line":109,"column":12},"end":{"line":121,"column":14}},"15":{"start":{"line":131,"column":0},"end":{"line":162,"column":2}},"16":{"start":{"line":164,"column":0},"end":{"line":168,"column":2}}},"fnMap":{"0":{"name":"(anonymous_0)","decl":{"start":{"line":11,"column":26},"end":{"line":11,"column":27}},"loc":{"start":{"line":11,"column":37},"end":{"line":11,"column":52}},"line":11},"1":{"name":"(anonymous_1)","decl":{"start":{"line":64,"column":2},"end":{"line":64,"column":3}},"loc":{"start":{"line":64,"column":21},"end":{"line":81,"column":3}},"line":64},"2":{"name":"(anonymous_2)","decl":{"start":{"line":83,"column":2},"end":{"line":83,"column":3}},"loc":{"start":{"line":83,"column":11},"end":{"line":126,"column":3}},"line":83},"3":{"name":"(anonymous_3)","decl":{"start":{"line":108,"column":28},"end":{"line":108,"column":29}},"loc":{"start":{"line":109,"column":12},"end":{"line":121,"column":14}},"line":109}},"branchMap":{},"s":{"0":3,"1":2,"2":3,"3":3,"4":3,"5":3,"6":3,"7":3,"8":2,"9":2,"10":2,"11":2,"12":2,"13":2,"14":24,"15":3,"16":3},"f":{"0":2,"1":2,"2":2,"3":24},"b":{},"_coverageSchema":"1a1c01bbd47fc00a2c39e90264f33305004495a9","hash":"d1fb8dc54da29e1e0fa52ec53e051bef337e69ec"}
,"/Users/remyorans/hackreactor/fec/casual-checkout-service/client/components/calendarCell.jsx": {"path":"/Users/remyorans/hackreactor/fec/casual-checkout-service/client/components/calendarCell.jsx","statementMap":{"0":{"start":{"line":5,"column":11},"end":{"line":12,"column":1}},"1":{"start":{"line":6,"column":33},"end":{"line":6,"column":73}},"2":{"start":{"line":8,"column":23},"end":{"line":8,"column":80}},"3":{"start":{"line":9,"column":29},"end":{"line":9,"column":59}},"4":{"start":{"line":14,"column":13},"end":{"line":33,"column":1}},"5":{"start":{"line":35,"column":14},"end":{"line":50,"column":1}},"6":{"start":{"line":52,"column":24},"end":{"line":67,"column":1}},"7":{"start":{"line":69,"column":20},"end":{"line":86,"column":1}},"8":{"start":{"line":90,"column":4},"end":{"line":90,"column":17}},"9":{"start":{"line":91,"column":4},"end":{"line":91,"column":51}},"10":{"start":{"line":95,"column":32},"end":{"line":95,"column":42}},"11":{"start":{"line":96,"column":25},"end":{"line":96,"column":35}},"12":{"start":{"line":97,"column":27},"end":{"line":97,"column":35}},"13":{"start":{"line":98,"column":4},"end":{"line":98,"column":32}},"14":{"start":{"line":102,"column":25},"end":{"line":102,"column":35}},"15":{"start":{"line":104,"column":4},"end":{"line":191,"column":5}},"16":{"start":{"line":106,"column":28},"end":{"line":106,"column":38}},"17":{"start":{"line":110,"column":10},"end":{"line":110,"column":20}},"18":{"start":{"line":111,"column":27},"end":{"line":111,"column":44}},"19":{"start":{"line":112,"column":25},"end":{"line":112,"column":40}},"20":{"start":{"line":113,"column":28},"end":{"line":113,"column":46}},"21":{"start":{"line":114,"column":26},"end":{"line":114,"column":42}},"22":{"start":{"line":115,"column":25},"end":{"line":115,"column":40}},"23":{"start":{"line":116,"column":23},"end":{"line":116,"column":36}},"24":{"start":{"line":117,"column":40},"end":{"line":117,"column":48}},"25":{"start":{"line":119,"column":28},"end":{"line":119,"column":72}},"26":{"start":{"line":120,"column":29},"end":{"line":120,"column":75}},"27":{"start":{"line":121,"column":6},"end":{"line":127,"column":7}},"28":{"start":{"line":122,"column":8},"end":{"line":126,"column":10}},"29":{"start":{"line":128,"column":6},"end":{"line":136,"column":7}},"30":{"start":{"line":129,"column":8},"end":{"line":135,"column":10}},"31":{"start":{"line":139,"column":6},"end":{"line":172,"column":7}},"32":{"start":{"line":140,"column":8},"end":{"line":166,"column":9}},"33":{"start":{"line":141,"column":10},"end":{"line":154,"column":11}},"34":{"start":{"line":142,"column":12},"end":{"line":153,"column":14}},"35":{"start":{"line":146,"column":38},"end":{"line":146,"column":59}},"36":{"start":{"line":147,"column":38},"end":{"line":147,"column":49}},"37":{"start":{"line":155,"column":10},"end":{"line":165,"column":12}},"38":{"start":{"line":159,"column":36},"end":{"line":159,"column":57}},"39":{"start":{"line":160,"column":36},"end":{"line":160,"column":47}},"40":{"start":{"line":167,"column":8},"end":{"line":171,"column":10}},"41":{"start":{"line":173,"column":6},"end":{"line":185,"column":7}},"42":{"start":{"line":174,"column":8},"end":{"line":184,"column":10}},"43":{"start":{"line":178,"column":34},"end":{"line":178,"column":55}},"44":{"start":{"line":179,"column":34},"end":{"line":179,"column":45}},"45":{"start":{"line":186,"column":6},"end":{"line":190,"column":8}},"46":{"start":{"line":193,"column":4},"end":{"line":195,"column":6}},"47":{"start":{"line":199,"column":4},"end":{"line":199,"column":33}},"48":{"start":{"line":205,"column":0},"end":{"line":228,"column":2}},"49":{"start":{"line":230,"column":0},"end":{"line":238,"column":2}}},"fnMap":{"0":{"name":"(anonymous_0)","decl":{"start":{"line":6,"column":21},"end":{"line":6,"column":22}},"loc":{"start":{"line":6,"column":33},"end":{"line":6,"column":73}},"line":6},"1":{"name":"(anonymous_1)","decl":{"start":{"line":8,"column":11},"end":{"line":8,"column":12}},"loc":{"start":{"line":8,"column":23},"end":{"line":8,"column":80}},"line":8},"2":{"name":"(anonymous_2)","decl":{"start":{"line":9,"column":17},"end":{"line":9,"column":18}},"loc":{"start":{"line":9,"column":29},"end":{"line":9,"column":59}},"line":9},"3":{"name":"(anonymous_3)","decl":{"start":{"line":89,"column":2},"end":{"line":89,"column":3}},"loc":{"start":{"line":89,"column":21},"end":{"line":92,"column":3}},"line":89},"4":{"name":"(anonymous_4)","decl":{"start":{"line":94,"column":2},"end":{"line":94,"column":3}},"loc":{"start":{"line":94,"column":16},"end":{"line":99,"column":3}},"line":94},"5":{"name":"(anonymous_5)","decl":{"start":{"line":101,"column":2},"end":{"line":101,"column":3}},"loc":{"start":{"line":101,"column":19},"end":{"line":196,"column":3}},"line":101},"6":{"name":"(anonymous_6)","decl":{"start":{"line":146,"column":32},"end":{"line":146,"column":33}},"loc":{"start":{"line":146,"column":38},"end":{"line":146,"column":59}},"line":146},"7":{"name":"(anonymous_7)","decl":{"start":{"line":147,"column":32},"end":{"line":147,"column":33}},"loc":{"start":{"line":147,"column":38},"end":{"line":147,"column":49}},"line":147},"8":{"name":"(anonymous_8)","decl":{"start":{"line":159,"column":30},"end":{"line":159,"column":31}},"loc":{"start":{"line":159,"column":36},"end":{"line":159,"column":57}},"line":159},"9":{"name":"(anonymous_9)","decl":{"start":{"line":160,"column":30},"end":{"line":160,"column":31}},"loc":{"start":{"line":160,"column":36},"end":{"line":160,"column":47}},"line":160},"10":{"name":"(anonymous_10)","decl":{"start":{"line":178,"column":28},"end":{"line":178,"column":29}},"loc":{"start":{"line":178,"column":34},"end":{"line":178,"column":55}},"line":178},"11":{"name":"(anonymous_11)","decl":{"start":{"line":179,"column":28},"end":{"line":179,"column":29}},"loc":{"start":{"line":179,"column":34},"end":{"line":179,"column":45}},"line":179},"12":{"name":"(anonymous_12)","decl":{"start":{"line":198,"column":2},"end":{"line":198,"column":3}},"loc":{"start":{"line":198,"column":11},"end":{"line":200,"column":3}},"line":198},"13":{"name":"(anonymous_13)","decl":{"start":{"line":236,"column":13},"end":{"line":236,"column":14}},"loc":{"start":{"line":236,"column":19},"end":{"line":236,"column":21}},"line":236},"14":{"name":"(anonymous_14)","decl":{"start":{"line":237,"column":19},"end":{"line":237,"column":20}},"loc":{"start":{"line":237,"column":25},"end":{"line":237,"column":27}},"line":237}},"branchMap":{"0":{"loc":{"start":{"line":6,"column":33},"end":{"line":6,"column":73}},"type":"cond-expr","locations":[{"start":{"line":6,"column":50},"end":{"line":6,"column":64}},{"start":{"line":6,"column":67},"end":{"line":6,"column":73}}],"line":6},"1":{"loc":{"start":{"line":8,"column":23},"end":{"line":8,"column":80}},"type":"cond-expr","locations":[{"start":{"line":8,"column":40},"end":{"line":8,"column":60}},{"start":{"line":8,"column":63},"end":{"line":8,"column":80}}],"line":8},"2":{"loc":{"start":{"line":9,"column":29},"end":{"line":9,"column":59}},"type":"cond-expr","locations":[{"start":{"line":9,"column":46},"end":{"line":9,"column":51}},{"start":{"line":9,"column":54},"end":{"line":9,"column":59}}],"line":9},"3":{"loc":{"start":{"line":104,"column":4},"end":{"line":191,"column":5}},"type":"if","locations":[{"start":{"line":104,"column":4},"end":{"line":191,"column":5}},{"start":{"line":104,"column":4},"end":{"line":191,"column":5}}],"line":104},"4":{"loc":{"start":{"line":119,"column":28},"end":{"line":119,"column":72}},"type":"binary-expr","locations":[{"start":{"line":119,"column":28},"end":{"line":119,"column":50}},{"start":{"line":119,"column":54},"end":{"line":119,"column":72}}],"line":119},"5":{"loc":{"start":{"line":120,"column":29},"end":{"line":120,"column":75}},"type":"binary-expr","locations":[{"start":{"line":120,"column":29},"end":{"line":120,"column":52}},{"start":{"line":120,"column":56},"end":{"line":120,"column":75}}],"line":120},"6":{"loc":{"start":{"line":121,"column":6},"end":{"line":127,"column":7}},"type":"if","locations":[{"start":{"line":121,"column":6},"end":{"line":127,"column":7}},{"start":{"line":121,"column":6},"end":{"line":127,"column":7}}],"line":121},"7":{"loc":{"start":{"line":121,"column":10},"end":{"line":121,"column":54}},"type":"binary-expr","locations":[{"start":{"line":121,"column":10},"end":{"line":121,"column":30}},{"start":{"line":121,"column":34},"end":{"line":121,"column":54}}],"line":121},"8":{"loc":{"start":{"line":128,"column":6},"end":{"line":136,"column":7}},"type":"if","locations":[{"start":{"line":128,"column":6},"end":{"line":136,"column":7}},{"start":{"line":128,"column":6},"end":{"line":136,"column":7}}],"line":128},"9":{"loc":{"start":{"line":128,"column":10},"end":{"line":128,"column":39}},"type":"binary-expr","locations":[{"start":{"line":128,"column":10},"end":{"line":128,"column":22}},{"start":{"line":128,"column":26},"end":{"line":128,"column":39}}],"line":128},"10":{"loc":{"start":{"line":139,"column":6},"end":{"line":172,"column":7}},"type":"if","locations":[{"start":{"line":139,"column":6},"end":{"line":172,"column":7}},{"start":{"line":139,"column":6},"end":{"line":172,"column":7}}],"line":139},"11":{"loc":{"start":{"line":140,"column":8},"end":{"line":166,"column":9}},"type":"if","locations":[{"start":{"line":140,"column":8},"end":{"line":166,"column":9}},{"start":{"line":140,"column":8},"end":{"line":166,"column":9}}],"line":140},"12":{"loc":{"start":{"line":140,"column":12},"end":{"line":140,"column":88}},"type":"binary-expr","locations":[{"start":{"line":140,"column":12},"end":{"line":140,"column":34}},{"start":{"line":140,"column":39},"end":{"line":140,"column":55}},{"start":{"line":140,"column":59},"end":{"line":140,"column":87}}],"line":140},"13":{"loc":{"start":{"line":141,"column":10},"end":{"line":154,"column":11}},"type":"if","locations":[{"start":{"line":141,"column":10},"end":{"line":154,"column":11}},{"start":{"line":141,"column":10},"end":{"line":154,"column":11}}],"line":141},"14":{"loc":{"start":{"line":141,"column":14},"end":{"line":141,"column":97}},"type":"binary-expr","locations":[{"start":{"line":141,"column":14},"end":{"line":141,"column":35}},{"start":{"line":141,"column":39},"end":{"line":141,"column":58}},{"start":{"line":141,"column":62},"end":{"line":141,"column":78}},{"start":{"line":141,"column":82},"end":{"line":141,"column":97}}],"line":141},"15":{"loc":{"start":{"line":173,"column":6},"end":{"line":185,"column":7}},"type":"if","locations":[{"start":{"line":173,"column":6},"end":{"line":185,"column":7}},{"start":{"line":173,"column":6},"end":{"line":185,"column":7}}],"line":173}},"s":{"0":5,"1":962,"2":962,"3":962,"4":5,"5":5,"6":5,"7":5,"8":962,"9":962,"10":1,"11":1,"12":1,"13":1,"14":962,"15":962,"16":792,"17":792,"18":792,"19":792,"20":792,"21":792,"22":792,"23":792,"24":792,"25":792,"26":792,"27":792,"28":10,"29":782,"30":1,"31":781,"32":1,"33":1,"34":0,"35":0,"36":0,"37":1,"38":1,"39":1,"40":0,"41":780,"42":474,"43":0,"44":0,"45":306,"46":170,"47":962,"48":5,"49":5},"f":{"0":962,"1":962,"2":962,"3":962,"4":1,"5":962,"6":0,"7":0,"8":1,"9":1,"10":0,"11":0,"12":962,"13":0,"14":0},"b":{"0":[316,646],"1":[316,646],"2":[316,646],"3":[792,170],"4":[792,2],"5":[792,0],"6":[10,782],"7":[792,52],"8":[1,781],"9":[782,781],"10":[1,780],"11":[1,0],"12":[1,1,1],"13":[0,1],"14":[1,1,0,0],"15":[474,306]},"_coverageSchema":"1a1c01bbd47fc00a2c39e90264f33305004495a9","hash":"4385a14199931376f60a04a7c32ade70ef650484"}
,"/Users/remyorans/hackreactor/fec/casual-checkout-service/client/components/calendarRow.jsx": {"path":"/Users/remyorans/hackreactor/fec/casual-checkout-service/client/components/calendarRow.jsx","statementMap":{"0":{"start":{"line":5,"column":20},"end":{"line":34,"column":1}},"1":{"start":{"line":10,"column":6},"end":{"line":10,"column":11}},"2":{"start":{"line":11,"column":16},"end":{"line":11,"column":18}},"3":{"start":{"line":12,"column":2},"end":{"line":28,"column":3}},"4":{"start":{"line":12,"column":15},"end":{"line":12,"column":16}},"5":{"start":{"line":13,"column":4},"end":{"line":27,"column":5}},"6":{"start":{"line":14,"column":6},"end":{"line":24,"column":10}},"7":{"start":{"line":26,"column":6},"end":{"line":26,"column":43}},"8":{"start":{"line":29,"column":2},"end":{"line":33,"column":4}},"9":{"start":{"line":38,"column":0},"end":{"line":63,"column":2}},"10":{"start":{"line":65,"column":0},"end":{"line":69,"column":2}}},"fnMap":{"0":{"name":"(anonymous_0)","decl":{"start":{"line":5,"column":20},"end":{"line":5,"column":21}},"loc":{"start":{"line":5,"column":31},"end":{"line":34,"column":1}},"line":5}},"branchMap":{"0":{"loc":{"start":{"line":13,"column":4},"end":{"line":27,"column":5}},"type":"if","locations":[{"start":{"line":13,"column":4},"end":{"line":27,"column":5}},{"start":{"line":13,"column":4},"end":{"line":27,"column":5}}],"line":13}},"s":{"0":4,"1":137,"2":137,"3":137,"4":137,"5":959,"6":789,"7":170,"8":137,"9":4,"10":4},"f":{"0":137},"b":{"0":[789,170]},"_coverageSchema":"1a1c01bbd47fc00a2c39e90264f33305004495a9","hash":"4cc63301cde0ff48c0b7e0610ff702046144f9a7"}
,"/Users/remyorans/hackreactor/fec/casual-checkout-service/client/components/calendarTable.jsx": {"path":"/Users/remyorans/hackreactor/fec/casual-checkout-service/client/components/calendarTable.jsx","statementMap":{"0":{"start":{"line":6,"column":14},"end":{"line":14,"column":1}},"1":{"start":{"line":16,"column":18},"end":{"line":22,"column":1}},"2":{"start":{"line":24,"column":19},"end":{"line":28,"column":1}},"3":{"start":{"line":29,"column":23},"end":{"line":37,"column":1}},"4":{"start":{"line":38,"column":24},"end":{"line":42,"column":1}},"5":{"start":{"line":44,"column":17},"end":{"line":47,"column":1}},"6":{"start":{"line":49,"column":11},"end":{"line":55,"column":1}},"7":{"start":{"line":57,"column":22},"end":{"line":116,"column":1}},"8":{"start":{"line":61,"column":6},"end":{"line":61,"column":11}},"9":{"start":{"line":62,"column":23},"end":{"line":62,"column":47}},"10":{"start":{"line":63,"column":20},"end":{"line":63,"column":21}},"11":{"start":{"line":64,"column":2},"end":{"line":69,"column":5}},"12":{"start":{"line":65,"column":4},"end":{"line":65,"column":51}},"13":{"start":{"line":66,"column":4},"end":{"line":68,"column":5}},"14":{"start":{"line":67,"column":6},"end":{"line":67,"column":23}},"15":{"start":{"line":70,"column":23},"end":{"line":70,"column":25}},"16":{"start":{"line":71,"column":2},"end":{"line":89,"column":5}},"17":{"start":{"line":72,"column":4},"end":{"line":88,"column":5}},"18":{"start":{"line":72,"column":29},"end":{"line":72,"column":47}},"19":{"start":{"line":74,"column":8},"end":{"line":85,"column":10}},"20":{"start":{"line":87,"column":6},"end":{"line":87,"column":32}},"21":{"start":{"line":90,"column":2},"end":{"line":115,"column":4}},"22":{"start":{"line":120,"column":0},"end":{"line":147,"column":2}},"23":{"start":{"line":149,"column":0},"end":{"line":153,"column":2}}},"fnMap":{"0":{"name":"(anonymous_0)","decl":{"start":{"line":57,"column":22},"end":{"line":57,"column":23}},"loc":{"start":{"line":57,"column":33},"end":{"line":116,"column":1}},"line":57},"1":{"name":"(anonymous_1)","decl":{"start":{"line":64,"column":16},"end":{"line":64,"column":17}},"loc":{"start":{"line":64,"column":25},"end":{"line":69,"column":3}},"line":64},"2":{"name":"(anonymous_2)","decl":{"start":{"line":71,"column":23},"end":{"line":71,"column":24}},"loc":{"start":{"line":71,"column":32},"end":{"line":89,"column":3}},"line":71},"3":{"name":"(anonymous_3)","decl":{"start":{"line":72,"column":19},"end":{"line":72,"column":20}},"loc":{"start":{"line":72,"column":29},"end":{"line":72,"column":47}},"line":72}},"branchMap":{"0":{"loc":{"start":{"line":66,"column":4},"end":{"line":68,"column":5}},"type":"if","locations":[{"start":{"line":66,"column":4},"end":{"line":68,"column":5}},{"start":{"line":66,"column":4},"end":{"line":68,"column":5}}],"line":66},"1":{"loc":{"start":{"line":72,"column":4},"end":{"line":88,"column":5}},"type":"if","locations":[{"start":{"line":72,"column":4},"end":{"line":88,"column":5}},{"start":{"line":72,"column":4},"end":{"line":88,"column":5}}],"line":72}},"s":{"0":4,"1":4,"2":4,"3":4,"4":4,"5":4,"6":4,"7":4,"8":26,"9":26,"10":26,"11":26,"12":789,"13":789,"14":113,"15":26,"16":26,"17":156,"18":789,"19":137,"20":137,"21":26,"22":4,"23":4},"f":{"0":26,"1":789,"2":156,"3":789},"b":{"0":[113,676],"1":[137,19]},"_coverageSchema":"1a1c01bbd47fc00a2c39e90264f33305004495a9","hash":"6103ed38cf42ff05aac8cfefc9a38bb024180c25"}
,"/Users/remyorans/hackreactor/fec/casual-checkout-service/client/components/checkoutBox.jsx": {"path":"/Users/remyorans/hackreactor/fec/casual-checkout-service/client/components/checkoutBox.jsx","statementMap":{"0":{"start":{"line":7,"column":18},"end":{"line":21,"column":1}},"1":{"start":{"line":23,"column":17},"end":{"line":30,"column":1}},"2":{"start":{"line":32,"column":24},"end":{"line":41,"column":1}},"3":{"start":{"line":43,"column":24},"end":{"line":50,"column":1}},"4":{"start":{"line":52,"column":16},"end":{"line":55,"column":1}},"5":{"start":{"line":57,"column":26},"end":{"line":76,"column":1}},"6":{"start":{"line":78,"column":13},"end":{"line":86,"column":1}},"7":{"start":{"line":88,"column":18},"end":{"line":98,"column":1}},"8":{"start":{"line":90,"column":26},"end":{"line":90,"column":33}},"9":{"start":{"line":91,"column":26},"end":{"line":91,"column":33}},"10":{"start":{"line":100,"column":18},"end":{"line":120,"column":1}},"11":{"start":{"line":122,"column":18},"end":{"line":125,"column":1}},"12":{"start":{"line":127,"column":17},"end":{"line":132,"column":1}},"13":{"start":{"line":134,"column":18},"end":{"line":142,"column":1}},"14":{"start":{"line":144,"column":19},"end":{"line":147,"column":1}},"15":{"start":{"line":149,"column":23},"end":{"line":153,"column":1}},"16":{"start":{"line":155,"column":24},"end":{"line":161,"column":1}},"17":{"start":{"line":163,"column":12},"end":{"line":168,"column":1}},"18":{"start":{"line":170,"column":17},"end":{"line":174,"column":1}},"19":{"start":{"line":176,"column":24},"end":{"line":179,"column":1}},"20":{"start":{"line":181,"column":16},"end":{"line":184,"column":1}},"21":{"start":{"line":186,"column":20},"end":{"line":191,"column":1}},"22":{"start":{"line":193,"column":20},"end":{"line":201,"column":1}},"23":{"start":{"line":203,"column":25},"end":{"line":213,"column":1}},"24":{"start":{"line":215,"column":18},"end":{"line":222,"column":1}},"25":{"start":{"line":224,"column":23},"end":{"line":231,"column":1}},"26":{"start":{"line":233,"column":22},"end":{"line":242,"column":1}},"27":{"start":{"line":244,"column":19},"end":{"line":246,"column":1}},"28":{"start":{"line":248,"column":17},"end":{"line":257,"column":1}},"29":{"start":{"line":259,"column":19},"end":{"line":266,"column":1}},"30":{"start":{"line":270,"column":17},"end":{"line":270,"column":36}},"31":{"start":{"line":271,"column":27},"end":{"line":271,"column":34}},"32":{"start":{"line":272,"column":4},"end":{"line":276,"column":5}},"33":{"start":{"line":273,"column":6},"end":{"line":275,"column":7}},"34":{"start":{"line":274,"column":8},"end":{"line":274,"column":14}},"35":{"start":{"line":277,"column":4},"end":{"line":277,"column":28}},"36":{"start":{"line":281,"column":4},"end":{"line":281,"column":17}},"37":{"start":{"line":282,"column":22},"end":{"line":282,"column":32}},"38":{"start":{"line":283,"column":4},"end":{"line":294,"column":6}},"39":{"start":{"line":295,"column":4},"end":{"line":295,"column":59}},"40":{"start":{"line":296,"column":4},"end":{"line":296,"column":45}},"41":{"start":{"line":297,"column":4},"end":{"line":297,"column":57}},"42":{"start":{"line":298,"column":4},"end":{"line":298,"column":53}},"43":{"start":{"line":299,"column":4},"end":{"line":299,"column":55}},"44":{"start":{"line":300,"column":4},"end":{"line":300,"column":57}},"45":{"start":{"line":301,"column":4},"end":{"line":301,"column":73}},"46":{"start":{"line":302,"column":4},"end":{"line":302,"column":73}},"47":{"start":{"line":303,"column":4},"end":{"line":303,"column":39}},"48":{"start":{"line":312,"column":8},"end":{"line":312,"column":18}},"49":{"start":{"line":313,"column":27},"end":{"line":313,"column":37}},"50":{"start":{"line":314,"column":4},"end":{"line":334,"column":5}},"51":{"start":{"line":315,"column":6},"end":{"line":320,"column":9}},"52":{"start":{"line":321,"column":6},"end":{"line":321,"column":36}},"53":{"start":{"line":322,"column":6},"end":{"line":324,"column":7}},"54":{"start":{"line":323,"column":8},"end":{"line":323,"column":34}},"55":{"start":{"line":326,"column":6},"end":{"line":332,"column":9}},"56":{"start":{"line":333,"column":6},"end":{"line":333,"column":45}},"57":{"start":{"line":338,"column":28},"end":{"line":338,"column":38}},"58":{"start":{"line":339,"column":4},"end":{"line":347,"column":5}},"59":{"start":{"line":340,"column":6},"end":{"line":342,"column":9}},"60":{"start":{"line":344,"column":6},"end":{"line":346,"column":9}},"61":{"start":{"line":351,"column":4},"end":{"line":359,"column":5}},"62":{"start":{"line":352,"column":6},"end":{"line":354,"column":10}},"63":{"start":{"line":352,"column":32},"end":{"line":354,"column":7}},"64":{"start":{"line":356,"column":6},"end":{"line":358,"column":10}},"65":{"start":{"line":356,"column":32},"end":{"line":358,"column":7}},"66":{"start":{"line":363,"column":29},"end":{"line":363,"column":39}},"67":{"start":{"line":364,"column":29},"end":{"line":364,"column":85}},"68":{"start":{"line":365,"column":4},"end":{"line":367,"column":7}},"69":{"start":{"line":371,"column":4},"end":{"line":381,"column":5}},"70":{"start":{"line":372,"column":6},"end":{"line":376,"column":9}},"71":{"start":{"line":378,"column":6},"end":{"line":380,"column":9}},"72":{"start":{"line":385,"column":4},"end":{"line":387,"column":8}},"73":{"start":{"line":385,"column":30},"end":{"line":387,"column":5}},"74":{"start":{"line":391,"column":4},"end":{"line":393,"column":8}},"75":{"start":{"line":391,"column":30},"end":{"line":393,"column":5}},"76":{"start":{"line":397,"column":27},"end":{"line":397,"column":37}},"77":{"start":{"line":398,"column":4},"end":{"line":398,"column":33}},"78":{"start":{"line":402,"column":29},"end":{"line":402,"column":75}},"79":{"start":{"line":403,"column":4},"end":{"line":406,"column":7}},"80":{"start":{"line":413,"column":8},"end":{"line":413,"column":18}},"81":{"start":{"line":417,"column":8},"end":{"line":417,"column":18}},"82":{"start":{"line":418,"column":27},"end":{"line":418,"column":56}},"83":{"start":{"line":419,"column":23},"end":{"line":419,"column":93}},"84":{"start":{"line":420,"column":19},"end":{"line":433,"column":5}},"85":{"start":{"line":434,"column":35},"end":{"line":434,"column":42}},"86":{"start":{"line":435,"column":19},"end":{"line":435,"column":53}},"87":{"start":{"line":436,"column":19},"end":{"line":436,"column":36}},"88":{"start":{"line":437,"column":25},"end":{"line":437,"column":32}},"89":{"start":{"line":438,"column":4},"end":{"line":438,"column":74}},"90":{"start":{"line":439,"column":18},"end":{"line":439,"column":59}},"91":{"start":{"line":441,"column":6},"end":{"line":463,"column":12}},"92":{"start":{"line":465,"column":24},"end":{"line":465,"column":81}},"93":{"start":{"line":466,"column":28},"end":{"line":466,"column":349}},"94":{"start":{"line":467,"column":31},"end":{"line":467,"column":127}},"95":{"start":{"line":468,"column":4},"end":{"line":533,"column":6}},"96":{"start":{"line":492,"column":40},"end":{"line":492,"column":68}},"97":{"start":{"line":539,"column":0},"end":{"line":567,"column":2}}},"fnMap":{"0":{"name":"(anonymous_0)","decl":{"start":{"line":90,"column":15},"end":{"line":90,"column":16}},"loc":{"start":{"line":90,"column":26},"end":{"line":90,"column":33}},"line":90},"1":{"name":"(anonymous_1)","decl":{"start":{"line":91,"column":15},"end":{"line":91,"column":16}},"loc":{"start":{"line":91,"column":26},"end":{"line":91,"column":33}},"line":91},"2":{"name":"(anonymous_2)","decl":{"start":{"line":269,"column":2},"end":{"line":269,"column":3}},"loc":{"start":{"line":269,"column":54},"end":{"line":278,"column":3}},"line":269},"3":{"name":"(anonymous_3)","decl":{"start":{"line":280,"column":2},"end":{"line":280,"column":3}},"loc":{"start":{"line":280,"column":21},"end":{"line":304,"column":3}},"line":280},"4":{"name":"(anonymous_4)","decl":{"start":{"line":306,"column":2},"end":{"line":306,"column":3}},"loc":{"start":{"line":306,"column":30},"end":{"line":335,"column":3}},"line":306},"5":{"name":"(anonymous_5)","decl":{"start":{"line":337,"column":2},"end":{"line":337,"column":3}},"loc":{"start":{"line":337,"column":23},"end":{"line":348,"column":3}},"line":337},"6":{"name":"(anonymous_6)","decl":{"start":{"line":350,"column":2},"end":{"line":350,"column":3}},"loc":{"start":{"line":350,"column":37},"end":{"line":360,"column":3}},"line":350},"7":{"name":"(anonymous_7)","decl":{"start":{"line":352,"column":20},"end":{"line":352,"column":21}},"loc":{"start":{"line":352,"column":32},"end":{"line":354,"column":7}},"line":352},"8":{"name":"(anonymous_8)","decl":{"start":{"line":356,"column":20},"end":{"line":356,"column":21}},"loc":{"start":{"line":356,"column":32},"end":{"line":358,"column":7}},"line":356},"9":{"name":"(anonymous_9)","decl":{"start":{"line":362,"column":2},"end":{"line":362,"column":3}},"loc":{"start":{"line":362,"column":36},"end":{"line":368,"column":3}},"line":362},"10":{"name":"(anonymous_10)","decl":{"start":{"line":370,"column":2},"end":{"line":370,"column":3}},"loc":{"start":{"line":370,"column":28},"end":{"line":382,"column":3}},"line":370},"11":{"name":"(anonymous_11)","decl":{"start":{"line":384,"column":2},"end":{"line":384,"column":3}},"loc":{"start":{"line":384,"column":18},"end":{"line":388,"column":3}},"line":384},"12":{"name":"(anonymous_12)","decl":{"start":{"line":385,"column":18},"end":{"line":385,"column":19}},"loc":{"start":{"line":385,"column":30},"end":{"line":387,"column":5}},"line":385},"13":{"name":"(anonymous_13)","decl":{"start":{"line":390,"column":2},"end":{"line":390,"column":3}},"loc":{"start":{"line":390,"column":19},"end":{"line":394,"column":3}},"line":390},"14":{"name":"(anonymous_14)","decl":{"start":{"line":391,"column":18},"end":{"line":391,"column":19}},"loc":{"start":{"line":391,"column":30},"end":{"line":393,"column":5}},"line":391},"15":{"name":"(anonymous_15)","decl":{"start":{"line":396,"column":2},"end":{"line":396,"column":3}},"loc":{"start":{"line":396,"column":27},"end":{"line":399,"column":3}},"line":396},"16":{"name":"(anonymous_16)","decl":{"start":{"line":401,"column":2},"end":{"line":401,"column":3}},"loc":{"start":{"line":401,"column":28},"end":{"line":407,"column":3}},"line":401},"17":{"name":"(anonymous_17)","decl":{"start":{"line":409,"column":2},"end":{"line":409,"column":3}},"loc":{"start":{"line":409,"column":11},"end":{"line":534,"column":3}},"line":409},"18":{"name":"(anonymous_18)","decl":{"start":{"line":492,"column":34},"end":{"line":492,"column":35}},"loc":{"start":{"line":492,"column":40},"end":{"line":492,"column":68}},"line":492}},"branchMap":{"0":{"loc":{"start":{"line":273,"column":6},"end":{"line":275,"column":7}},"type":"if","locations":[{"start":{"line":273,"column":6},"end":{"line":275,"column":7}},{"start":{"line":273,"column":6},"end":{"line":275,"column":7}}],"line":273},"1":{"loc":{"start":{"line":314,"column":4},"end":{"line":334,"column":5}},"type":"if","locations":[{"start":{"line":314,"column":4},"end":{"line":334,"column":5}},{"start":{"line":314,"column":4},"end":{"line":334,"column":5}}],"line":314},"2":{"loc":{"start":{"line":322,"column":6},"end":{"line":324,"column":7}},"type":"if","locations":[{"start":{"line":322,"column":6},"end":{"line":324,"column":7}},{"start":{"line":322,"column":6},"end":{"line":324,"column":7}}],"line":322},"3":{"loc":{"start":{"line":339,"column":4},"end":{"line":347,"column":5}},"type":"if","locations":[{"start":{"line":339,"column":4},"end":{"line":347,"column":5}},{"start":{"line":339,"column":4},"end":{"line":347,"column":5}}],"line":339},"4":{"loc":{"start":{"line":351,"column":4},"end":{"line":359,"column":5}},"type":"if","locations":[{"start":{"line":351,"column":4},"end":{"line":359,"column":5}},{"start":{"line":351,"column":4},"end":{"line":359,"column":5}}],"line":351},"5":{"loc":{"start":{"line":371,"column":4},"end":{"line":381,"column":5}},"type":"if","locations":[{"start":{"line":371,"column":4},"end":{"line":381,"column":5}},{"start":{"line":371,"column":4},"end":{"line":381,"column":5}}],"line":371},"6":{"loc":{"start":{"line":419,"column":23},"end":{"line":419,"column":93}},"type":"cond-expr","locations":[{"start":{"line":419,"column":61},"end":{"line":419,"column":70}},{"start":{"line":419,"column":73},"end":{"line":419,"column":93}}],"line":419},"7":{"loc":{"start":{"line":419,"column":23},"end":{"line":419,"column":58}},"type":"binary-expr","locations":[{"start":{"line":419,"column":23},"end":{"line":419,"column":38}},{"start":{"line":419,"column":42},"end":{"line":419,"column":58}}],"line":419},"8":{"loc":{"start":{"line":465,"column":24},"end":{"line":465,"column":81}},"type":"cond-expr","locations":[{"start":{"line":465,"column":62},"end":{"line":465,"column":73}},{"start":{"line":465,"column":76},"end":{"line":465,"column":81}}],"line":465},"9":{"loc":{"start":{"line":465,"column":24},"end":{"line":465,"column":59}},"type":"binary-expr","locations":[{"start":{"line":465,"column":24},"end":{"line":465,"column":39}},{"start":{"line":465,"column":43},"end":{"line":465,"column":59}}],"line":465},"10":{"loc":{"start":{"line":473,"column":29},"end":{"line":473,"column":49}},"type":"binary-expr","locations":[{"start":{"line":473,"column":29},"end":{"line":473,"column":42}},{"start":{"line":473,"column":46},"end":{"line":473,"column":49}}],"line":473}},"s":{"0":1,"1":1,"2":1,"3":1,"4":1,"5":1,"6":1,"7":1,"8":3,"9":3,"10":1,"11":1,"12":1,"13":1,"14":1,"15":1,"16":1,"17":1,"18":1,"19":1,"20":1,"21":1,"22":1,"23":1,"24":1,"25":1,"26":1,"27":1,"28":1,"29":1,"30":0,"31":0,"32":0,"33":0,"34":0,"35":0,"36":1,"37":1,"38":1,"39":1,"40":1,"41":1,"42":1,"43":1,"44":1,"45":1,"46":1,"47":1,"48":0,"49":0,"50":0,"51":0,"52":0,"53":0,"54":0,"55":0,"56":0,"57":0,"58":0,"59":0,"60":0,"61":0,"62":0,"63":0,"64":0,"65":0,"66":0,"67":0,"68":0,"69":0,"70":0,"71":0,"72":0,"73":0,"74":0,"75":0,"76":0,"77":0,"78":0,"79":0,"80":3,"81":3,"82":3,"83":3,"84":3,"85":3,"86":3,"87":3,"88":3,"89":3,"90":3,"91":3,"92":3,"93":3,"94":3,"95":3,"96":0,"97":1},"f":{"0":3,"1":3,"2":0,"3":1,"4":0,"5":0,"6":0,"7":0,"8":0,"9":0,"10":0,"11":0,"12":0,"13":0,"14":0,"15":0,"16":0,"17":3,"18":0},"b":{"0":[0,0],"1":[0,0],"2":[0,0],"3":[0,0],"4":[0,0],"5":[0,0],"6":[0,3],"7":[3,0],"8":[0,3],"9":[3,0],"10":[3,1]},"_coverageSchema":"1a1c01bbd47fc00a2c39e90264f33305004495a9","hash":"73d4ccb045067e4cf648e33b7da69d1cef517385"}
,"/Users/remyorans/hackreactor/fec/casual-checkout-service/client/components/guestInput.jsx": {"path":"/Users/remyorans/hackreactor/fec/casual-checkout-service/client/components/guestInput.jsx","statementMap":{"0":{"start":{"line":5,"column":22},"end":{"line":8,"column":1}},"1":{"start":{"line":10,"column":21},"end":{"line":18,"column":1}},"2":{"start":{"line":20,"column":17},"end":{"line":25,"column":1}},"3":{"start":{"line":27,"column":17},"end":{"line":29,"column":1}},"4":{"start":{"line":31,"column":23},"end":{"line":33,"column":1}},"5":{"start":{"line":35,"column":20},"end":{"line":46,"column":1}},"6":{"start":{"line":48,"column":15},"end":{"line":70,"column":1}},"7":{"start":{"line":72,"column":23},"end":{"line":77,"column":1}},"8":{"start":{"line":79,"column":18},"end":{"line":85,"column":1}},"9":{"start":{"line":87,"column":19},"end":{"line":94,"column":1}},"10":{"start":{"line":96,"column":19},"end":{"line":100,"column":1}},"11":{"start":{"line":102,"column":12},"end":{"line":110,"column":1}},"12":{"start":{"line":114,"column":4},"end":{"line":114,"column":17}},"13":{"start":{"line":115,"column":4},"end":{"line":115,"column":35}},"14":{"start":{"line":116,"column":4},"end":{"line":116,"column":45}},"15":{"start":{"line":120,"column":4},"end":{"line":120,"column":24}},"16":{"start":{"line":121,"column":36},"end":{"line":121,"column":46}},"17":{"start":{"line":122,"column":4},"end":{"line":122,"column":43}},"18":{"start":{"line":126,"column":4},"end":{"line":126,"column":24}},"19":{"start":{"line":127,"column":36},"end":{"line":127,"column":46}},"20":{"start":{"line":128,"column":4},"end":{"line":128,"column":43}},"21":{"start":{"line":132,"column":47},"end":{"line":132,"column":57}},"22":{"start":{"line":133,"column":26},"end":{"line":133,"column":33}},"23":{"start":{"line":134,"column":33},"end":{"line":134,"column":47}},"24":{"start":{"line":135,"column":16},"end":{"line":135,"column":51}},"25":{"start":{"line":136,"column":24},"end":{"line":136,"column":41}},"26":{"start":{"line":138,"column":4},"end":{"line":140,"column":5}},"27":{"start":{"line":139,"column":6},"end":{"line":139,"column":54}},"28":{"start":{"line":141,"column":4},"end":{"line":143,"column":5}},"29":{"start":{"line":142,"column":6},"end":{"line":142,"column":52}},"30":{"start":{"line":144,"column":4},"end":{"line":146,"column":5}},"31":{"start":{"line":145,"column":6},"end":{"line":145,"column":25}},"32":{"start":{"line":147,"column":21},"end":{"line":147,"column":49}},"33":{"start":{"line":148,"column":22},"end":{"line":148,"column":35}},"34":{"start":{"line":150,"column":6},"end":{"line":154,"column":15}},"35":{"start":{"line":157,"column":6},"end":{"line":161,"column":15}},"36":{"start":{"line":164,"column":6},"end":{"line":168,"column":23}},"37":{"start":{"line":171,"column":6},"end":{"line":175,"column":23}},"38":{"start":{"line":178,"column":4},"end":{"line":182,"column":5}},"39":{"start":{"line":179,"column":6},"end":{"line":179,"column":55}},"40":{"start":{"line":181,"column":6},"end":{"line":181,"column":55}},"41":{"start":{"line":183,"column":17},"end":{"line":183,"column":69}},"42":{"start":{"line":184,"column":4},"end":{"line":204,"column":6}},"43":{"start":{"line":210,"column":0},"end":{"line":225,"column":2}}},"fnMap":{"0":{"name":"(anonymous_0)","decl":{"start":{"line":113,"column":2},"end":{"line":113,"column":3}},"loc":{"start":{"line":113,"column":21},"end":{"line":117,"column":3}},"line":113},"1":{"name":"(anonymous_1)","decl":{"start":{"line":119,"column":2},"end":{"line":119,"column":3}},"loc":{"start":{"line":119,"column":9},"end":{"line":123,"column":3}},"line":119},"2":{"name":"(anonymous_2)","decl":{"start":{"line":125,"column":2},"end":{"line":125,"column":3}},"loc":{"start":{"line":125,"column":14},"end":{"line":129,"column":3}},"line":125},"3":{"name":"(anonymous_3)","decl":{"start":{"line":131,"column":2},"end":{"line":131,"column":3}},"loc":{"start":{"line":131,"column":11},"end":{"line":205,"column":3}},"line":131}},"branchMap":{"0":{"loc":{"start":{"line":138,"column":4},"end":{"line":140,"column":5}},"type":"if","locations":[{"start":{"line":138,"column":4},"end":{"line":140,"column":5}},{"start":{"line":138,"column":4},"end":{"line":140,"column":5}}],"line":138},"1":{"loc":{"start":{"line":141,"column":4},"end":{"line":143,"column":5}},"type":"if","locations":[{"start":{"line":141,"column":4},"end":{"line":143,"column":5}},{"start":{"line":141,"column":4},"end":{"line":143,"column":5}}],"line":141},"2":{"loc":{"start":{"line":144,"column":4},"end":{"line":146,"column":5}},"type":"if","locations":[{"start":{"line":144,"column":4},"end":{"line":146,"column":5}},{"start":{"line":144,"column":4},"end":{"line":146,"column":5}}],"line":144},"3":{"loc":{"start":{"line":178,"column":4},"end":{"line":182,"column":5}},"type":"if","locations":[{"start":{"line":178,"column":4},"end":{"line":182,"column":5}},{"start":{"line":178,"column":4},"end":{"line":182,"column":5}}],"line":178},"4":{"loc":{"start":{"line":179,"column":14},"end":{"line":179,"column":54}},"type":"cond-expr","locations":[{"start":{"line":179,"column":26},"end":{"line":179,"column":39}},{"start":{"line":179,"column":42},"end":{"line":179,"column":54}}],"line":179},"5":{"loc":{"start":{"line":181,"column":14},"end":{"line":181,"column":54}},"type":"cond-expr","locations":[{"start":{"line":181,"column":26},"end":{"line":181,"column":39}},{"start":{"line":181,"column":42},"end":{"line":181,"column":54}}],"line":181},"6":{"loc":{"start":{"line":183,"column":17},"end":{"line":183,"column":69}},"type":"cond-expr","locations":[{"start":{"line":183,"column":43},"end":{"line":183,"column":54}},{"start":{"line":183,"column":57},"end":{"line":183,"column":69}}],"line":183}},"s":{"0":1,"1":1,"2":1,"3":1,"4":1,"5":1,"6":1,"7":1,"8":1,"9":1,"10":1,"11":1,"12":0,"13":0,"14":0,"15":0,"16":0,"17":0,"18":0,"19":0,"20":0,"21":0,"22":0,"23":0,"24":0,"25":0,"26":0,"27":0,"28":0,"29":0,"30":0,"31":0,"32":0,"33":0,"34":0,"35":0,"36":0,"37":0,"38":0,"39":0,"40":0,"41":0,"42":0,"43":1},"f":{"0":0,"1":0,"2":0,"3":0},"b":{"0":[0,0],"1":[0,0],"2":[0,0],"3":[0,0],"4":[0,0],"5":[0,0],"6":[0,0]},"_coverageSchema":"1a1c01bbd47fc00a2c39e90264f33305004495a9","hash":"740a94a0a5af3f2000aab9bf055b7e5306eaa7c5"}
,"/Users/remyorans/hackreactor/fec/casual-checkout-service/client/components/guestMenu.jsx": {"path":"/Users/remyorans/hackreactor/fec/casual-checkout-service/client/components/guestMenu.jsx","statementMap":{"0":{"start":{"line":7,"column":12},"end":{"line":21,"column":1}},"1":{"start":{"line":23,"column":17},"end":{"line":25,"column":1}},"2":{"start":{"line":27,"column":20},"end":{"line":33,"column":1}},"3":{"start":{"line":34,"column":29},"end":{"line":37,"column":1}},"4":{"start":{"line":39,"column":20},"end":{"line":59,"column":1}},"5":{"start":{"line":63,"column":4},"end":{"line":63,"column":17}},"6":{"start":{"line":64,"column":4},"end":{"line":64,"column":40}},"7":{"start":{"line":65,"column":4},"end":{"line":65,"column":65}},"8":{"start":{"line":69,"column":4},"end":{"line":69,"column":68}},"9":{"start":{"line":73,"column":4},"end":{"line":73,"column":71}},"10":{"start":{"line":77,"column":4},"end":{"line":77,"column":28}},"11":{"start":{"line":78,"column":27},"end":{"line":78,"column":37}},"12":{"start":{"line":79,"column":4},"end":{"line":81,"column":5}},"13":{"start":{"line":80,"column":6},"end":{"line":80,"column":33}},"14":{"start":{"line":85,"column":23},"end":{"line":85,"column":56}},"15":{"start":{"line":88,"column":8},"end":{"line":88,"column":18}},"16":{"start":{"line":89,"column":26},"end":{"line":89,"column":33}},"17":{"start":{"line":90,"column":28},"end":{"line":90,"column":105}},"18":{"start":{"line":91,"column":4},"end":{"line":120,"column":6}},"19":{"start":{"line":95,"column":12},"end":{"line":101,"column":14}},"20":{"start":{"line":111,"column":16},"end":{"line":111,"column":36}},"21":{"start":{"line":112,"column":16},"end":{"line":112,"column":43}},"22":{"start":{"line":126,"column":0},"end":{"line":141,"column":2}}},"fnMap":{"0":{"name":"(anonymous_0)","decl":{"start":{"line":62,"column":2},"end":{"line":62,"column":3}},"loc":{"start":{"line":62,"column":21},"end":{"line":66,"column":3}},"line":62},"1":{"name":"(anonymous_1)","decl":{"start":{"line":68,"column":2},"end":{"line":68,"column":3}},"loc":{"start":{"line":68,"column":22},"end":{"line":70,"column":3}},"line":68},"2":{"name":"(anonymous_2)","decl":{"start":{"line":72,"column":2},"end":{"line":72,"column":3}},"loc":{"start":{"line":72,"column":25},"end":{"line":74,"column":3}},"line":72},"3":{"name":"(anonymous_3)","decl":{"start":{"line":76,"column":2},"end":{"line":76,"column":3}},"loc":{"start":{"line":76,"column":28},"end":{"line":82,"column":3}},"line":76},"4":{"name":"(anonymous_4)","decl":{"start":{"line":84,"column":2},"end":{"line":84,"column":3}},"loc":{"start":{"line":84,"column":11},"end":{"line":121,"column":3}},"line":84},"5":{"name":"(anonymous_5)","decl":{"start":{"line":94,"column":26},"end":{"line":94,"column":27}},"loc":{"start":{"line":95,"column":12},"end":{"line":101,"column":14}},"line":95},"6":{"name":"(anonymous_6)","decl":{"start":{"line":110,"column":23},"end":{"line":110,"column":24}},"loc":{"start":{"line":110,"column":30},"end":{"line":113,"column":15}},"line":110}},"branchMap":{"0":{"loc":{"start":{"line":79,"column":4},"end":{"line":81,"column":5}},"type":"if","locations":[{"start":{"line":79,"column":4},"end":{"line":81,"column":5}},{"start":{"line":79,"column":4},"end":{"line":81,"column":5}}],"line":79},"1":{"loc":{"start":{"line":79,"column":8},"end":{"line":79,"column":74}},"type":"binary-expr","locations":[{"start":{"line":79,"column":8},"end":{"line":79,"column":23}},{"start":{"line":79,"column":27},"end":{"line":79,"column":74}}],"line":79}},"s":{"0":1,"1":1,"2":1,"3":1,"4":1,"5":0,"6":0,"7":0,"8":0,"9":0,"10":0,"11":0,"12":0,"13":0,"14":0,"15":0,"16":0,"17":0,"18":0,"19":0,"20":0,"21":0,"22":1},"f":{"0":0,"1":0,"2":0,"3":0,"4":0,"5":0,"6":0},"b":{"0":[0,0],"1":[0,0]},"_coverageSchema":"1a1c01bbd47fc00a2c39e90264f33305004495a9","hash":"b31f02e87ce884e604070974d3a12e77d5156b5c"}
,"/Users/remyorans/hackreactor/fec/casual-checkout-service/client/components/inputBox.jsx": {"path":"/Users/remyorans/hackreactor/fec/casual-checkout-service/client/components/inputBox.jsx","statementMap":{"0":{"start":{"line":7,"column":18},"end":{"line":14,"column":1}},"1":{"start":{"line":16,"column":18},"end":{"line":24,"column":1}},"2":{"start":{"line":21,"column":28},"end":{"line":21,"column":102}},"3":{"start":{"line":22,"column":34},"end":{"line":22,"column":96}},"4":{"start":{"line":23,"column":31},"end":{"line":23,"column":70}},"5":{"start":{"line":26,"column":17},"end":{"line":33,"column":1}},"6":{"start":{"line":35,"column":16},"end":{"line":41,"column":1}},"7":{"start":{"line":43,"column":17},"end":{"line":50,"column":1}},"8":{"start":{"line":52,"column":15},"end":{"line":68,"column":1}},"9":{"start":{"line":70,"column":24},"end":{"line":87,"column":1}},"10":{"start":{"line":89,"column":27},"end":{"line":106,"column":1}},"11":{"start":{"line":108,"column":23},"end":{"line":125,"column":1}},"12":{"start":{"line":127,"column":26},"end":{"line":146,"column":1}},"13":{"start":{"line":148,"column":21},"end":{"line":164,"column":1}},"14":{"start":{"line":166,"column":12},"end":{"line":171,"column":1}},"15":{"start":{"line":175,"column":4},"end":{"line":175,"column":17}},"16":{"start":{"line":176,"column":4},"end":{"line":176,"column":48}},"17":{"start":{"line":177,"column":4},"end":{"line":177,"column":49}},"18":{"start":{"line":178,"column":4},"end":{"line":178,"column":51}},"19":{"start":{"line":182,"column":4},"end":{"line":182,"column":24}},"20":{"start":{"line":183,"column":37},"end":{"line":183,"column":47}},"21":{"start":{"line":184,"column":4},"end":{"line":187,"column":5}},"22":{"start":{"line":185,"column":6},"end":{"line":185,"column":35}},"23":{"start":{"line":186,"column":6},"end":{"line":186,"column":26}},"24":{"start":{"line":188,"column":4},"end":{"line":191,"column":5}},"25":{"start":{"line":189,"column":6},"end":{"line":189,"column":35}},"26":{"start":{"line":190,"column":6},"end":{"line":190,"column":27}},"27":{"start":{"line":201,"column":8},"end":{"line":201,"column":18}},"28":{"start":{"line":204,"column":6},"end":{"line":219,"column":8}},"29":{"start":{"line":221,"column":20},"end":{"line":221,"column":48}},"30":{"start":{"line":223,"column":6},"end":{"line":228,"column":8}},"31":{"start":{"line":230,"column":19},"end":{"line":230,"column":128}},"32":{"start":{"line":231,"column":21},"end":{"line":231,"column":128}},"33":{"start":{"line":232,"column":24},"end":{"line":232,"column":51}},"34":{"start":{"line":234,"column":6},"end":{"line":236,"column":12}},"35":{"start":{"line":239,"column":6},"end":{"line":241,"column":12}},"36":{"start":{"line":243,"column":20},"end":{"line":243,"column":57}},"37":{"start":{"line":244,"column":33},"end":{"line":244,"column":47}},"38":{"start":{"line":245,"column":24},"end":{"line":245,"column":41}},"39":{"start":{"line":246,"column":20},"end":{"line":246,"column":70}},"40":{"start":{"line":247,"column":21},"end":{"line":247,"column":73}},"41":{"start":{"line":248,"column":28},"end":{"line":248,"column":66}},"42":{"start":{"line":249,"column":29},"end":{"line":249,"column":69}},"43":{"start":{"line":250,"column":4},"end":{"line":290,"column":6}},"44":{"start":{"line":274,"column":53},"end":{"line":274,"column":70}},"45":{"start":{"line":296,"column":0},"end":{"line":341,"column":2}},"46":{"start":{"line":343,"column":0},"end":{"line":346,"column":2}}},"fnMap":{"0":{"name":"(anonymous_0)","decl":{"start":{"line":21,"column":16},"end":{"line":21,"column":17}},"loc":{"start":{"line":21,"column":28},"end":{"line":21,"column":102}},"line":21},"1":{"name":"(anonymous_1)","decl":{"start":{"line":22,"column":22},"end":{"line":22,"column":23}},"loc":{"start":{"line":22,"column":34},"end":{"line":22,"column":96}},"line":22},"2":{"name":"(anonymous_2)","decl":{"start":{"line":23,"column":19},"end":{"line":23,"column":20}},"loc":{"start":{"line":23,"column":31},"end":{"line":23,"column":70}},"line":23},"3":{"name":"(anonymous_3)","decl":{"start":{"line":174,"column":2},"end":{"line":174,"column":3}},"loc":{"start":{"line":174,"column":21},"end":{"line":179,"column":3}},"line":174},"4":{"name":"(anonymous_4)","decl":{"start":{"line":181,"column":2},"end":{"line":181,"column":3}},"loc":{"start":{"line":181,"column":17},"end":{"line":192,"column":3}},"line":181},"5":{"name":"(anonymous_5)","decl":{"start":{"line":194,"column":2},"end":{"line":194,"column":3}},"loc":{"start":{"line":194,"column":11},"end":{"line":291,"column":3}},"line":194},"6":{"name":"(anonymous_6)","decl":{"start":{"line":274,"column":47},"end":{"line":274,"column":48}},"loc":{"start":{"line":274,"column":53},"end":{"line":274,"column":70}},"line":274}},"branchMap":{"0":{"loc":{"start":{"line":21,"column":28},"end":{"line":21,"column":102}},"type":"cond-expr","locations":[{"start":{"line":21,"column":54},"end":{"line":21,"column":93}},{"start":{"line":21,"column":96},"end":{"line":21,"column":102}}],"line":21},"1":{"loc":{"start":{"line":22,"column":34},"end":{"line":22,"column":96}},"type":"cond-expr","locations":[{"start":{"line":22,"column":60},"end":{"line":22,"column":80}},{"start":{"line":22,"column":83},"end":{"line":22,"column":96}}],"line":22},"2":{"loc":{"start":{"line":23,"column":31},"end":{"line":23,"column":70}},"type":"cond-expr","locations":[{"start":{"line":23,"column":57},"end":{"line":23,"column":62}},{"start":{"line":23,"column":65},"end":{"line":23,"column":70}}],"line":23},"3":{"loc":{"start":{"line":184,"column":4},"end":{"line":187,"column":5}},"type":"if","locations":[{"start":{"line":184,"column":4},"end":{"line":187,"column":5}},{"start":{"line":184,"column":4},"end":{"line":187,"column":5}}],"line":184},"4":{"loc":{"start":{"line":188,"column":4},"end":{"line":191,"column":5}},"type":"if","locations":[{"start":{"line":188,"column":4},"end":{"line":191,"column":5}},{"start":{"line":188,"column":4},"end":{"line":191,"column":5}}],"line":188},"5":{"loc":{"start":{"line":221,"column":20},"end":{"line":221,"column":48}},"type":"cond-expr","locations":[{"start":{"line":221,"column":37},"end":{"line":221,"column":40}},{"start":{"line":221,"column":43},"end":{"line":221,"column":48}}],"line":221},"6":{"loc":{"start":{"line":232,"column":24},"end":{"line":232,"column":51}},"type":"cond-expr","locations":[{"start":{"line":232,"column":38},"end":{"line":232,"column":43}},{"start":{"line":232,"column":46},"end":{"line":232,"column":51}}],"line":232},"7":{"loc":{"start":{"line":243,"column":20},"end":{"line":243,"column":57}},"type":"cond-expr","locations":[{"start":{"line":243,"column":34},"end":{"line":243,"column":43}},{"start":{"line":243,"column":46},"end":{"line":243,"column":57}}],"line":243},"8":{"loc":{"start":{"line":248,"column":28},"end":{"line":248,"column":66}},"type":"cond-expr","locations":[{"start":{"line":248,"column":46},"end":{"line":248,"column":53}},{"start":{"line":248,"column":56},"end":{"line":248,"column":66}}],"line":248},"9":{"loc":{"start":{"line":249,"column":29},"end":{"line":249,"column":69}},"type":"cond-expr","locations":[{"start":{"line":249,"column":48},"end":{"line":249,"column":56}},{"start":{"line":249,"column":59},"end":{"line":249,"column":69}}],"line":249}},"s":{"0":1,"1":1,"2":3,"3":3,"4":3,"5":1,"6":1,"7":1,"8":1,"9":1,"10":1,"11":1,"12":1,"13":1,"14":1,"15":1,"16":1,"17":1,"18":1,"19":0,"20":0,"21":0,"22":0,"23":0,"24":0,"25":0,"26":0,"27":3,"28":3,"29":3,"30":3,"31":3,"32":3,"33":3,"34":3,"35":3,"36":3,"37":3,"38":3,"39":3,"40":3,"41":3,"42":3,"43":3,"44":0,"45":1,"46":1},"f":{"0":3,"1":3,"2":3,"3":1,"4":0,"5":3,"6":0},"b":{"0":[0,3],"1":[0,3],"2":[0,3],"3":[0,0],"4":[0,0],"5":[0,3],"6":[0,3],"7":[0,3],"8":[0,3],"9":[0,3]},"_coverageSchema":"1a1c01bbd47fc00a2c39e90264f33305004495a9","hash":"b3be88df09b685dcff290f2b7cc8bb0dfd9aa0b7"}
,"/Users/remyorans/hackreactor/fec/casual-checkout-service/client/components/navBar.jsx": {"path":"/Users/remyorans/hackreactor/fec/casual-checkout-service/client/components/navBar.jsx","statementMap":{"0":{"start":{"line":4,"column":17},"end":{"line":15,"column":1}},"1":{"start":{"line":17,"column":15},"end":{"line":19,"column":1}},"2":{"start":{"line":18,"column":2},"end":{"line":18,"column":14}}},"fnMap":{"0":{"name":"(anonymous_0)","decl":{"start":{"line":17,"column":15},"end":{"line":17,"column":16}},"loc":{"start":{"line":18,"column":2},"end":{"line":18,"column":14}},"line":18}},"branchMap":{},"s":{"0":1,"1":1,"2":0},"f":{"0":0},"b":{},"_coverageSchema":"1a1c01bbd47fc00a2c39e90264f33305004495a9","hash":"8bba306c35d9fb405551bb27b55476ec2d784a6a"}
}
