TN:
SF:testData.js
FNF:0
FNH:0
DA:1,3
DA:2592,3
DA:2593,3
DA:2595,3
LF:4
LH:4
BRF:0
BRH:0
end_of_record
TN:
SF:client/components/app.jsx
FN:43,(anonymous_0)
FN:63,(anonymous_1)
FN:86,(anonymous_2)
FN:92,(anonymous_3)
FN:96,(anonymous_4)
FN:103,(anonymous_5)
FN:104,(anonymous_6)
FN:117,(anonymous_7)
FN:122,(anonymous_8)
FN:128,(anonymous_9)
FN:129,(anonymous_10)
FN:134,(anonymous_11)
FN:139,(anonymous_12)
FNF:13
FNH:5
FNDA:0,(anonymous_0)
FNDA:5,(anonymous_1)
FNDA:5,(anonymous_2)
FNDA:0,(anonymous_3)
FNDA:0,(anonymous_4)
FNDA:5,(anonymous_5)
FNDA:0,(anonymous_6)
FNDA:0,(anonymous_7)
FNDA:0,(anonymous_8)
FNDA:0,(anonymous_9)
FNDA:0,(anonymous_10)
FNDA:5,(anonymous_11)
FNDA:5,(anonymous_12)
DA:8,1
DA:13,1
DA:18,1
DA:26,1
DA:31,1
DA:45,0
DA:46,0
DA:47,0
DA:48,0
DA:49,0
DA:50,0
DA:52,0
DA:53,0
DA:54,0
DA:64,5
DA:65,5
DA:66,5
DA:81,5
DA:82,5
DA:83,5
DA:87,5
DA:88,5
DA:89,5
DA:93,0
DA:97,0
DA:104,5
DA:105,0
DA:106,0
DA:107,0
DA:111,0
DA:112,0
DA:113,0
DA:114,0
DA:118,0
DA:123,0
DA:129,0
DA:135,5
DA:136,5
DA:148,5
DA:149,5
DA:176,1
LF:41
LH:20
BRDA:49,0,0,0
BRDA:49,0,1,0
BRDA:53,1,0,0
BRDA:53,1,1,0
BRDA:136,2,0,0
BRDA:136,2,1,5
BRF:6
BRH:1
end_of_record
TN:
SF:client/components/calendarBox.jsx
FN:148,(anonymous_0)
FN:161,(anonymous_1)
FN:165,(anonymous_2)
FN:169,(anonymous_3)
FN:176,(anonymous_4)
FN:190,(anonymous_5)
FN:203,(anonymous_6)
FN:206,(anonymous_7)
FN:212,(anonymous_8)
FN:218,(anonymous_9)
FN:298,(anonymous_10)
FNF:11
FNH:5
FNDA:1,(anonymous_0)
FNDA:1,(anonymous_1)
FNDA:0,(anonymous_2)
FNDA:0,(anonymous_3)
FNDA:0,(anonymous_4)
FNDA:0,(anonymous_5)
FNDA:0,(anonymous_6)
FNDA:0,(anonymous_7)
FNDA:1,(anonymous_8)
FNDA:1,(anonymous_9)
FNDA:1,(anonymous_10)
DA:7,2
DA:20,2
DA:25,2
DA:28,2
DA:34,2
DA:56,2
DA:78,2
DA:82,2
DA:90,2
DA:100,2
DA:110,2
DA:118,2
DA:127,2
DA:136,2
DA:149,1
DA:150,1
DA:151,1
DA:152,1
DA:153,1
DA:154,1
DA:158,1
DA:162,1
DA:166,0
DA:170,0
DA:171,0
DA:172,0
DA:177,0
DA:178,0
DA:182,0
DA:183,0
DA:184,0
DA:187,0
DA:188,0
DA:189,0
DA:190,0
DA:191,0
DA:192,0
DA:193,0
DA:204,0
DA:205,0
DA:206,0
DA:207,0
DA:209,0
DA:213,1
DA:214,1
DA:215,1
DA:224,1
DA:225,1
DA:227,1
DA:241,1
DA:242,0
DA:244,1
DA:245,1
DA:247,1
DA:248,0
DA:250,1
DA:298,1
DA:309,2
DA:347,2
LF:59
LH:36
BRDA:171,0,0,0
BRDA:171,0,1,0
BRDA:171,1,0,0
BRDA:171,1,1,0
BRDA:177,2,0,0
BRDA:177,2,1,0
BRDA:187,3,0,0
BRDA:187,3,1,0
BRDA:192,4,0,0
BRDA:192,4,1,0
BRDA:192,5,0,0
BRDA:192,5,1,0
BRDA:241,6,0,0
BRDA:241,6,1,1
BRDA:241,7,0,1
BRDA:241,7,1,0
BRDA:244,8,0,1
BRDA:244,8,1,0
BRDA:244,9,0,1
BRDA:244,9,1,1
BRDA:247,10,0,0
BRDA:247,10,1,1
BRDA:247,11,0,1
BRDA:247,11,1,0
BRF:24
BRH:7
end_of_record
TN:
SF:client/components/calendarBoxInput.jsx
FN:38,(anonymous_0)
FN:39,(anonymous_1)
FN:58,(anonymous_2)
FN:59,(anonymous_3)
FN:178,(anonymous_4)
FN:187,(anonymous_5)
FN:193,(anonymous_6)
FN:199,(anonymous_7)
FN:205,(anonymous_8)
FN:219,(anonymous_9)
FN:230,(anonymous_10)
FNF:11
FNH:4
FNDA:1,(anonymous_0)
FNDA:1,(anonymous_1)
FNDA:0,(anonymous_2)
FNDA:0,(anonymous_3)
FNDA:1,(anonymous_4)
FNDA:0,(anonymous_5)
FNDA:0,(anonymous_6)
FNDA:0,(anonymous_7)
FNDA:1,(anonymous_8)
FNDA:0,(anonymous_9)
FNDA:0,(anonymous_10)
DA:5,2
DA:16,2
DA:22,2
DA:38,1
DA:39,1
DA:42,2
DA:58,0
DA:59,0
DA:62,2
DA:83,2
DA:102,2
DA:118,2
DA:126,2
DA:138,2
DA:158,2
DA:164,2
DA:179,1
DA:180,1
DA:181,1
DA:182,1
DA:183,1
DA:184,1
DA:188,0
DA:194,0
DA:195,0
DA:196,0
DA:200,0
DA:201,0
DA:202,0
DA:208,1
DA:209,1
DA:210,1
DA:211,1
DA:213,1
DA:218,1
DA:220,0
DA:221,0
DA:229,1
DA:231,0
DA:232,0
DA:240,1
DA:251,1
DA:260,1
DA:261,1
DA:282,2
DA:296,2
LF:46
LH:33
BRDA:38,0,0,1
BRDA:38,0,1,0
BRDA:39,1,0,1
BRDA:39,1,1,0
BRDA:58,2,0,0
BRDA:58,2,1,0
BRDA:59,3,0,0
BRDA:59,3,1,0
BRDA:209,4,0,0
BRDA:209,4,1,1
BRDA:210,5,0,0
BRDA:210,5,1,1
BRDA:247,6,0,0
BRDA:247,6,1,1
BRDA:260,7,0,0
BRDA:260,7,1,1
BRDA:271,8,0,0
BRDA:271,8,1,1
BRF:18
BRH:7
end_of_record
TN:
SF:client/components/calendarCarousel.jsx
FN:11,(anonymous_0)
FN:64,(anonymous_1)
FN:83,(anonymous_2)
FN:108,(anonymous_3)
FNF:4
FNH:4
FNDA:2,(anonymous_0)
FNDA:2,(anonymous_1)
FNDA:2,(anonymous_2)
FNDA:24,(anonymous_3)
DA:7,3
DA:11,2
DA:16,3
DA:22,3
DA:27,3
DA:44,3
DA:50,3
DA:56,3
DA:65,2
DA:67,2
DA:88,2
DA:89,2
DA:90,2
DA:91,2
DA:109,24
DA:131,3
DA:164,3
LF:17
LH:17
BRF:0
BRH:0
end_of_record
TN:
SF:client/components/calendarCell.jsx
FN:6,(anonymous_0)
FN:8,(anonymous_1)
FN:9,(anonymous_2)
FN:89,(anonymous_3)
FN:94,(anonymous_4)
FN:101,(anonymous_5)
FN:146,(anonymous_6)
FN:147,(anonymous_7)
FN:159,(anonymous_8)
FN:160,(anonymous_9)
FN:178,(anonymous_10)
FN:179,(anonymous_11)
FN:198,(anonymous_12)
FN:236,(anonymous_13)
FN:237,(anonymous_14)
FNF:15
FNH:9
FNDA:962,(anonymous_0)
FNDA:962,(anonymous_1)
FNDA:962,(anonymous_2)
FNDA:962,(anonymous_3)
FNDA:1,(anonymous_4)
FNDA:962,(anonymous_5)
FNDA:0,(anonymous_6)
FNDA:0,(anonymous_7)
FNDA:1,(anonymous_8)
FNDA:1,(anonymous_9)
FNDA:0,(anonymous_10)
FNDA:0,(anonymous_11)
FNDA:962,(anonymous_12)
FNDA:0,(anonymous_13)
FNDA:0,(anonymous_14)
DA:5,5
DA:6,962
DA:8,962
DA:9,962
DA:14,5
DA:35,5
DA:52,5
DA:69,5
DA:90,962
DA:91,962
DA:95,1
DA:96,1
DA:97,1
DA:98,1
DA:102,962
DA:104,962
DA:106,792
DA:110,792
DA:111,792
DA:112,792
DA:113,792
DA:114,792
DA:115,792
DA:116,792
DA:117,792
DA:119,792
DA:120,792
DA:121,792
DA:122,10
DA:128,782
DA:129,1
DA:139,781
DA:140,1
DA:141,1
DA:142,0
DA:146,0
DA:147,0
DA:155,1
DA:159,1
DA:160,1
DA:167,0
DA:173,780
DA:174,474
DA:178,0
DA:179,0
DA:186,306
DA:193,170
DA:199,962
DA:205,5
DA:230,5
LF:50
LH:44
BRDA:6,0,0,316
BRDA:6,0,1,646
BRDA:8,1,0,316
BRDA:8,1,1,646
BRDA:9,2,0,316
BRDA:9,2,1,646
BRDA:104,3,0,792
BRDA:104,3,1,170
BRDA:119,4,0,792
BRDA:119,4,1,2
BRDA:120,5,0,792
BRDA:120,5,1,0
BRDA:121,6,0,10
BRDA:121,6,1,782
BRDA:121,7,0,792
BRDA:121,7,1,52
BRDA:128,8,0,1
BRDA:128,8,1,781
BRDA:128,9,0,782
BRDA:128,9,1,781
BRDA:139,10,0,1
BRDA:139,10,1,780
BRDA:140,11,0,1
BRDA:140,11,1,0
BRDA:140,12,0,1
BRDA:140,12,1,1
BRDA:140,12,2,1
BRDA:141,13,0,0
BRDA:141,13,1,1
BRDA:141,14,0,1
BRDA:141,14,1,1
BRDA:141,14,2,0
BRDA:141,14,3,0
BRDA:173,15,0,474
BRDA:173,15,1,306
BRF:35
BRH:30
end_of_record
TN:
SF:client/components/calendarRow.jsx
FN:5,(anonymous_0)
FNF:1
FNH:1
FNDA:137,(anonymous_0)
DA:5,4
DA:10,137
DA:11,137
DA:12,137
DA:13,959
DA:14,789
DA:26,170
DA:29,137
DA:38,4
DA:65,4
LF:10
LH:10
BRDA:13,0,0,789
BRDA:13,0,1,170
BRF:2
BRH:2
end_of_record
TN:
SF:client/components/calendarTable.jsx
FN:57,(anonymous_0)
FN:64,(anonymous_1)
FN:71,(anonymous_2)
FN:72,(anonymous_3)
FNF:4
FNH:4
FNDA:26,(anonymous_0)
FNDA:789,(anonymous_1)
FNDA:156,(anonymous_2)
FNDA:789,(anonymous_3)
DA:6,4
DA:16,4
DA:24,4
DA:29,4
DA:38,4
DA:44,4
DA:49,4
DA:57,4
DA:61,26
DA:62,26
DA:63,26
DA:64,26
DA:65,789
DA:66,789
DA:67,113
DA:70,26
DA:71,26
DA:72,789
DA:74,137
DA:87,137
DA:90,26
DA:120,4
DA:149,4
LF:23
LH:23
BRDA:66,0,0,113
BRDA:66,0,1,676
BRDA:72,1,0,137
BRDA:72,1,1,19
BRF:4
BRH:4
end_of_record
TN:
SF:client/components/checkoutBox.jsx
FN:90,(anonymous_0)
FN:91,(anonymous_1)
FN:269,(anonymous_2)
FN:280,(anonymous_3)
FN:306,(anonymous_4)
FN:337,(anonymous_5)
FN:350,(anonymous_6)
FN:352,(anonymous_7)
FN:356,(anonymous_8)
FN:362,(anonymous_9)
FN:370,(anonymous_10)
FN:384,(anonymous_11)
FN:385,(anonymous_12)
FN:390,(anonymous_13)
FN:391,(anonymous_14)
FN:396,(anonymous_15)
FN:401,(anonymous_16)
FN:409,(anonymous_17)
FN:492,(anonymous_18)
FNF:19
FNH:4
FNDA:1,(anonymous_0)
FNDA:1,(anonymous_1)
FNDA:0,(anonymous_2)
FNDA:1,(anonymous_3)
FNDA:0,(anonymous_4)
FNDA:0,(anonymous_5)
FNDA:0,(anonymous_6)
FNDA:0,(anonymous_7)
FNDA:0,(anonymous_8)
FNDA:0,(anonymous_9)
FNDA:0,(anonymous_10)
FNDA:0,(anonymous_11)
FNDA:0,(anonymous_12)
FNDA:0,(anonymous_13)
FNDA:0,(anonymous_14)
FNDA:0,(anonymous_15)
FNDA:0,(anonymous_16)
FNDA:1,(anonymous_17)
FNDA:0,(anonymous_18)
DA:7,1
DA:23,1
DA:32,1
DA:43,1
DA:52,1
DA:57,1
DA:78,1
DA:88,1
DA:90,1
DA:91,1
DA:100,1
DA:122,1
DA:127,1
DA:134,1
DA:144,1
DA:149,1
DA:155,1
DA:163,1
DA:170,1
DA:176,1
DA:181,1
DA:186,1
DA:193,1
DA:203,1
DA:215,1
DA:224,1
DA:233,1
DA:244,1
DA:248,1
DA:259,1
DA:270,0
DA:271,0
DA:272,0
DA:273,0
DA:274,0
DA:277,0
DA:281,1
DA:282,1
DA:283,1
DA:295,1
DA:296,1
DA:297,1
DA:298,1
DA:299,1
DA:300,1
DA:301,1
DA:302,1
DA:303,1
DA:312,0
DA:313,0
DA:314,0
DA:315,0
DA:321,0
DA:322,0
DA:323,0
DA:326,0
DA:333,0
DA:338,0
DA:339,0
DA:340,0
DA:344,0
DA:351,0
DA:352,0
DA:356,0
DA:363,0
DA:364,0
DA:365,0
DA:371,0
DA:372,0
DA:378,0
DA:385,0
DA:391,0
DA:397,0
DA:398,0
DA:402,0
DA:403,0
DA:413,1
DA:417,1
DA:418,1
DA:419,1
DA:420,1
DA:434,1
DA:435,1
DA:436,1
DA:437,1
DA:438,1
DA:439,1
DA:441,1
DA:465,1
DA:466,1
DA:467,1
DA:468,1
DA:492,0
DA:539,1
LF:94
LH:59
BRDA:273,0,0,0
BRDA:273,0,1,0
BRDA:314,1,0,0
BRDA:314,1,1,0
BRDA:322,2,0,0
BRDA:322,2,1,0
BRDA:339,3,0,0
BRDA:339,3,1,0
BRDA:351,4,0,0
BRDA:351,4,1,0
BRDA:371,5,0,0
BRDA:371,5,1,0
BRDA:419,6,0,0
BRDA:419,6,1,1
BRDA:419,7,0,1
BRDA:419,7,1,0
BRDA:465,8,0,0
BRDA:465,8,1,1
BRDA:465,9,0,1
BRDA:465,9,1,0
BRDA:473,10,0,1
BRDA:473,10,1,1
BRF:22
BRH:6
end_of_record
TN:
SF:client/components/guestInput.jsx
FN:113,(anonymous_0)
FN:119,(anonymous_1)
FN:125,(anonymous_2)
FN:131,(anonymous_3)
FNF:4
FNH:0
FNDA:0,(anonymous_0)
FNDA:0,(anonymous_1)
FNDA:0,(anonymous_2)
FNDA:0,(anonymous_3)
DA:5,1
DA:10,1
DA:20,1
DA:27,1
DA:31,1
DA:35,1
DA:48,1
DA:72,1
DA:79,1
DA:87,1
DA:96,1
DA:102,1
DA:114,0
DA:115,0
DA:116,0
DA:120,0
DA:121,0
DA:122,0
DA:126,0
DA:127,0
DA:128,0
DA:132,0
DA:133,0
DA:134,0
DA:135,0
DA:136,0
DA:138,0
DA:139,0
DA:141,0
DA:142,0
DA:144,0
DA:145,0
DA:147,0
DA:148,0
DA:150,0
DA:157,0
DA:164,0
DA:171,0
DA:178,0
DA:179,0
DA:181,0
DA:183,0
DA:184,0
DA:210,1
LF:44
LH:13
BRDA:138,0,0,0
BRDA:138,0,1,0
BRDA:141,1,0,0
BRDA:141,1,1,0
BRDA:144,2,0,0
BRDA:144,2,1,0
BRDA:178,3,0,0
BRDA:178,3,1,0
BRDA:179,4,0,0
BRDA:179,4,1,0
BRDA:181,5,0,0
BRDA:181,5,1,0
BRDA:183,6,0,0
BRDA:183,6,1,0
BRF:14
BRH:0
end_of_record
TN:
SF:client/components/guestMenu.jsx
FN:62,(anonymous_0)
FN:68,(anonymous_1)
FN:72,(anonymous_2)
FN:76,(anonymous_3)
FN:84,(anonymous_4)
FN:94,(anonymous_5)
FN:110,(anonymous_6)
FNF:7
FNH:0
FNDA:0,(anonymous_0)
FNDA:0,(anonymous_1)
FNDA:0,(anonymous_2)
FNDA:0,(anonymous_3)
FNDA:0,(anonymous_4)
FNDA:0,(anonymous_5)
FNDA:0,(anonymous_6)
DA:7,1
DA:23,1
DA:27,1
DA:34,1
DA:39,1
DA:63,0
DA:64,0
DA:65,0
DA:69,0
DA:73,0
DA:77,0
DA:78,0
DA:79,0
DA:80,0
DA:85,0
DA:88,0
DA:89,0
DA:90,0
DA:91,0
DA:95,0
DA:111,0
DA:112,0
DA:126,1
LF:23
LH:6
BRDA:79,0,0,0
BRDA:79,0,1,0
BRDA:79,1,0,0
BRDA:79,1,1,0
BRF:4
BRH:0
end_of_record
TN:
SF:client/components/inputBox.jsx
FN:21,(anonymous_0)
FN:22,(anonymous_1)
FN:23,(anonymous_2)
FN:174,(anonymous_3)
FN:181,(anonymous_4)
FN:194,(anonymous_5)
FN:274,(anonymous_6)
FNF:7
FNH:5
FNDA:1,(anonymous_0)
FNDA:1,(anonymous_1)
FNDA:1,(anonymous_2)
FNDA:1,(anonymous_3)
FNDA:0,(anonymous_4)
FNDA:1,(anonymous_5)
FNDA:0,(anonymous_6)
DA:7,1
DA:16,1
DA:21,1
DA:22,1
DA:23,1
DA:26,1
DA:35,1
DA:43,1
DA:52,1
DA:70,1
DA:89,1
DA:108,1
DA:127,1
DA:148,1
DA:166,1
DA:175,1
DA:176,1
DA:177,1
DA:178,1
DA:182,0
DA:183,0
DA:184,0
DA:185,0
DA:186,0
DA:188,0
DA:189,0
DA:190,0
DA:201,1
DA:204,1
DA:221,1
DA:223,1
DA:230,1
DA:231,1
DA:232,1
DA:234,1
DA:239,1
DA:243,1
DA:244,1
DA:245,1
DA:246,1
DA:247,1
DA:248,1
DA:249,1
DA:250,1
DA:274,0
DA:296,1
DA:343,1
LF:47
LH:38
BRDA:21,0,0,0
BRDA:21,0,1,1
BRDA:22,1,0,0
BRDA:22,1,1,1
BRDA:23,2,0,0
BRDA:23,2,1,1
BRDA:184,3,0,0
BRDA:184,3,1,0
BRDA:188,4,0,0
BRDA:188,4,1,0
BRDA:221,5,0,0
BRDA:221,5,1,1
BRDA:232,6,0,0
BRDA:232,6,1,1
BRDA:243,7,0,0
BRDA:243,7,1,1
BRDA:248,8,0,0
BRDA:248,8,1,1
BRDA:249,9,0,0
BRDA:249,9,1,1
BRF:20
BRH:8
end_of_record
TN:
SF:client/components/navBar.jsx
FN:17,(anonymous_0)
FNF:1
FNH:0
FNDA:0,(anonymous_0)
DA:4,1
DA:17,1
DA:18,0
LF:3
LH:2
BRF:0
BRH:0
end_of_record
